<?xml version="1.0" encoding="UTF-8"?>
<robot generator="Robot 5.0.1 (Python 3.11.4 on win32)" generated="20231019 12:58:47.200" rpa="false" schemaversion="3">
<suite id="s1" name="Test" source="C:\Users\mitbu\Documents\CedroTechRobot\src\test">
<suite id="s1-s1" name="TestAPI" source="C:\Users\mitbu\Documents\CedroTechRobot\src\test\TestAPI.robot">
<kw name="Conectar a minha API" library="ChamadaAPI" type="SETUP">
<kw name="Create Session" library="RequestsLibrary">
<arg>apelidoAPI</arg>
<arg>${URL_API}</arg>
<doc>Create Session: create a HTTP session to a server</doc>
<msg timestamp="20231019 12:58:47.345" level="INFO">Creating Session using : alias=apelidoAPI, url=https://demo.guru99.com/test/newtours/?, headers={},                     cookies={}, auth=None, timeout=None, proxies=None, verify=False,                     debug=0 </msg>
<status status="PASS" starttime="20231019 12:58:47.345" endtime="20231019 12:58:47.346"/>
</kw>
<status status="PASS" starttime="20231019 12:58:47.345" endtime="20231019 12:58:47.346"/>
</kw>
<test id="s1-s1-t1" name="@Cenario01" line="7">
<kw name="Api &quot;index.php&quot;" library="ChamadaAPI" sourcename="Api &quot;${Api}&quot;">
<kw name="Set Global Variable" library="BuiltIn">
<arg>${Api}</arg>
<doc>Makes a variable available globally in all tests and suites.</doc>
<msg timestamp="20231019 12:58:47.346" level="INFO">${Api} = index.php</msg>
<status status="PASS" starttime="20231019 12:58:47.346" endtime="20231019 12:58:47.346"/>
</kw>
<status status="PASS" starttime="20231019 12:58:47.346" endtime="20231019 12:58:47.346"/>
</kw>
<kw name="Conferir o status code" library="ChamadaAPI">
<arg>200</arg>
<kw name="GET On Session" library="RequestsLibrary">
<var>${RESPOSTA}</var>
<arg>apelidoAPI</arg>
<arg>index.php</arg>
<doc>Sends a GET request on a previously created HTTP Session.</doc>
<msg timestamp="20231019 12:58:47.949" level="INFO">GET Request : url=https://demo.guru99.com/test/newtours/index.php 
 path_url=/test/newtours/index.php 
 headers={'User-Agent': 'python-requests/2.31.0', 'Accept-Encoding': 'gzip, deflate', 'Accept': '*/*', 'Connection': 'keep-alive'} 
 body=None 
 </msg>
<msg timestamp="20231019 12:58:47.949" level="INFO">GET Response : url=https://demo.guru99.com/test/newtours/index.php 
 status=200, reason=OK 
 headers={'Date': 'Thu, 19 Oct 2023 15:58:47 GMT', 'Server': 'Apache', 'Expires': 'Thu, 19 Nov 1981 08:52:00 GMT', 'Cache-Control': 'no-store, no-cache, must-revalidate', 'Pragma': 'no-cache', 'Set-Cookie': 'PHPSESSID=6f929a7518ae02ad41b2fa89bc46c549; path=/', 'Upgrade': 'h2,h2c', 'Connection': 'Upgrade, Keep-Alive', 'Vary': 'Accept-Encoding,User-Agent', 'Content-Encoding': 'gzip', 'Content-Length': '5209', 'Keep-Alive': 'timeout=2, max=500', 'Content-Type': 'text/html; charset=UTF-8'} 
 body=
&lt;html&gt;
&lt;head&gt;
&lt;meta name="robots" content="noindex, nofollow"/&gt;
&lt;title&gt;Welcome: Mercury Tours&lt;/title&gt;
&lt;script language="JavaScript"&gt;
function changeStyle(obj, new_style) {
obj.className = new_style
}
&lt;/script&gt;
&lt;link href="../css/bootstrap.min.css" rel="stylesheet"&gt;

    &lt;link href="../css/main.css" rel="stylesheet"&gt;
    &lt;link href="../css/custom.css" rel="stylesheet"&gt;
    &lt;link href="../css/slider-cars.css" rel="stylesheet"&gt;
    &lt;link href="../css/home-bar.css" rel="stylesheet"&gt;



&lt;style type="text/css"&gt;
.menu {
BACKGROUND-COLOR: white; BORDER-BOTTOM: COLOR: menutext; CURSOR: default; FONT-FAMILY: MS Sans Serif; FONT-SIZE: 10pt; LINE-HEIGHT: 100%; POSITION: absolute; VISIBILITY: hidden
}
.visibleMenu {
BORDER-BOTTOM: COLOR: menutext; CURSOR: default; FONT-FAMILY: MS Sans Serif; FONT-SIZE: 10pt; LINE-HEIGHT: 100%; POSITION: absolute; VISIBILITY: visible
}
.menuItem {
POSITION: relative; COLOR: menutext; TEXT-DECORATION: none
}
.menuItemOver {
POSITION: relative; COLOR: highlighttext; TEXT-DECORATION: none
}
.menuItemOver A {
POSITION: relative; COLOR: highlighttext; CURSOR: default; TEXT-DECORATION: none
}
.menuItem A {
POSITION: relative; COLOR: menutext; CURSOR: default; TEXT-DECORATION: none
}
.more {
FONT-FAMILY: WebDings; POSITION: relative; TEXT-ALIGN: right; Z-INDEX: 100
}
.mouseOut {BACKGROUND: orange; FONT-Weight: bold;FONT-FAMILY: Helvetica; FONT-SIZE: 8pt;align="center"}
.mouseOver {BACKGROUND: "#FFC455"; FONT-Weight: bold;FONT-FAMILY: Helvetica; FONT-SIZE: 8pt; align="center"}

.footer {
    color: #000;
    background: #FFF;
    padding-top: 0px;
    padding-bottom: 0px;
    margin-bottom: 0px;
    line-height: 0px;
    margin-top: 0px;
}
&lt;/style&gt;&lt;/head&gt;
&lt;body&gt;
    
    &lt;head&gt;
&lt;meta name="robots" content="noindex, nofollow"/&gt;


&lt;/head&gt;
&lt;!-- Global site tag (gtag.js) - Google Analytics --&gt;
&lt;script async src="https://www.googletagmanager.com/gtag/js?id=UA-1248015-24"&gt;&lt;/script&gt;
&lt;script&gt;
  window.dataLayer = window.dataLayer || [];
  function gtag(){dataLayer.push(arguments);}
  gtag('js', new Date());

  gtag('config', 'UA-1248015-24');
&lt;/script&gt;  

 &lt;div class="container-fluid"&gt;
        &lt;!-- Top logo --&gt;
        &lt;div class="row topper"&gt;
            &lt;div class="col-md-2 header-section"&gt;
                &lt;div class="logo"&gt;
                    &lt;a href="https://www.guru99.com/" title="Home" rel="home" style="border: medium none;"&gt; &lt;img  src="/logo.png" alt="Guru99 Demo Sites" role="presentation"&gt; &lt;/a&gt;&lt;br/&gt;
                    &lt;div id="site-name" class="site-name" style="text-align: center;"&gt;&lt;a href="https://www.guru99.com/" title="Home" rel="home" style="font-size:32px;"&gt;Demo Site&lt;/a&gt;&lt;/div&gt;
                    
                   
                &lt;/div&gt;
                &lt;div id="name-and-slogan" style="padding-top: 0px;padding-left: 0px;"&gt;
                    &lt;div id="site-name" class="site-name"&gt;
                        
                        
                        
                    &lt;/div&gt;
                    
                &lt;/div&gt;
            &lt;/div&gt;
            &lt;div class="top-banner col-md-8"&gt;
               
 &lt;table style="margin-top:0px;border:1px solid black;" width="60%"&gt;
                            &lt;tr&gt;
                                &lt;td width="20%" style="text-align:center;"&gt;&lt;a href="https://www.guru99.com/software-testing.html"&gt;&lt;img src="https://demo.guru99.com/images/testing-logo-1.png" style="padding-bottom: 5px;"&gt;&lt;/a&gt;&lt;br/&gt;
                                &lt;a href="https://www.guru99.com/software-testing.html" style="font-size: 18px;"&gt;Testing&lt;/a&gt;&lt;/td&gt;
                                
                                &lt;td width="20%" style="border:1px solid black;text-align:center;"&gt;&lt;a href="https://www.guru99.com/selenium-tutorial.html"&gt;&lt;img src="https://demo.guru99.com/images/selenium-logo.jpg" style="padding-bottom: 5px;"&gt;&lt;/a&gt;&lt;br/&gt;
                                &lt;a href="https://www.guru99.com/selenium-tutorial.html" style="font-size: 18px;"&gt;Selenium&lt;/a&gt;&lt;/td&gt;
                                
                                &lt;td width="20%" style="border:1px solid black;text-align:center;"&gt;&lt;a href="https://www.guru99.com/live-projects.html"&gt;&lt;img src="https://demo.guru99.com/images/live-project-logo.png" style="padding-bottom: 5px;"&gt;&lt;/a&gt;&lt;br/&gt;
                                &lt;a href="https://www.guru99.com/live-projects.html" style="font-size: 18px;"&gt;Live Project&lt;/a&gt;&lt;/td&gt;
                                
                                &lt;td width="20%" style="text-align:center;"&gt;&lt;a href="https://www.guru99.com/java-tutorial.html"&gt;&lt;img src="https://demo.guru99.com/images/java-logo.png" style="padding-bottom: 5px;"&gt;&lt;/a&gt;&lt;br/&gt;
                                &lt;a href="https://www.guru99.com/java-tutorial.html" style="font-size: 18px;"&gt;Java&lt;/a&gt;&lt;/td&gt;
                            &lt;/tr&gt;
                        &lt;/table&gt;

 

             

            &lt;/div&gt;
        &lt;/div&gt;
        &lt;!-- End Top --&gt;
        
   
&lt;div class="row"&gt;
            &lt;nav class="navbar navbar-default" role="navigation"&gt;
                &lt;div class="container" style="padding-right: 0px;padding-left: 0px;"&gt;
                    &lt;!-- Brand and toggle --&gt;
                   

                    &lt;!-- Nav links for toggling --&gt;
                    &lt;div class="collapse navbar-collapse" id="navbar-brand-centered"&gt;
                        &lt;ul class="nav navbar-nav"&gt;
                            &lt;li class="dropdown"&gt;
                                &lt;a href="#" class="dropdown-toggle" data-toggle="dropdown"&gt;Selenium
					  &lt;b class="caret"&gt;&lt;/b&gt;&lt;/a&gt;
                                &lt;ul class="dropdown-menu"&gt;
                                    &lt;li&gt;&lt;a href="../../test/flash-testing.html"&gt;Flash Movie Demo&lt;/a&gt;&lt;/li&gt;
                                    &lt;li&gt;&lt;a href="../../test/radio.html"&gt;Radio &amp; Checkbox Demo&lt;/a&gt;&lt;/li&gt; 
                                    &lt;li&gt;&lt;a href="../../test/table.html"&gt;Table Demo&lt;/a&gt;&lt;/li&gt; 
                                    &lt;li&gt;&lt;a href="../../test/link.html"&gt;Accessing Link&lt;/a&gt;&lt;/li&gt;
                                    &lt;li&gt;&lt;a href="../../test/ajax.html"&gt;Ajax Demo&lt;/a&gt;&lt;/li&gt;
                                    &lt;li&gt;&lt;a href="../../test/block.html"&gt;Inside &amp; Outside Block Level Tag&lt;/a&gt;&lt;/li&gt;
                                    &lt;li&gt;&lt;a href="../../test/delete_customer.php"&gt;Delete Customer Form&lt;/a&gt;&lt;/li&gt;
                                    &lt;li&gt;&lt;a href="../../test/yahoo.html"&gt;Yahoo&lt;/a&gt;&lt;/li&gt;
                                    &lt;li&gt;&lt;a href="../../test/tooltip.html" &gt;Tooltip&lt;/a&gt;&lt;/li&gt;
                                    &lt;li&gt;&lt;a href="../../test/upload/" &gt;File Upload&lt;/a&gt;&lt;/li&gt;
                                    &lt;li&gt;&lt;a href="../../test/login.html" &gt;Login&lt;/a&gt;&lt;/li&gt;
                                    &lt;li&gt;&lt;a href="../../test/social-icon.html" &gt;Social Icon&lt;/a&gt;&lt;/li&gt;
                                    &lt;li&gt;&lt;a href="../../test/autoit.html" &gt;Selenium Auto IT&lt;/a&gt;&lt;/li&gt;
                                    &lt;li&gt;&lt;a href="../../test/facebook.html" &gt;Selenium IDE Test&lt;/a&gt;&lt;/li&gt;
                                    &lt;li&gt;&lt;a href="../../test/guru99home/"&gt;Guru99 Demo Page&lt;/a&gt;&lt;/li&gt;
                                    &lt;li&gt;&lt;a href="../../test/guru99home/scrolling.html"&gt;Scrollbar Demo&lt;/a&gt;&lt;/li&gt;
                                    &lt;li&gt;&lt;a href="../../test/image_upload/"&gt;File Upload using Sikuli Demo&lt;/a&gt;&lt;/li&gt;
                                    &lt;li&gt;&lt;a href="../../test/cookie/selenium_aut.php"&gt;Cookie Handling Demo&lt;/a&gt;&lt;/li&gt;
                                    &lt;li&gt;&lt;a href="../../test/drag_drop.html" &gt;Drag and Drop Action&lt;/a&gt;&lt;/li&gt;
                                    &lt;li&gt;&lt;a href="../../test/" &gt;Selenium DatePicker Demo&lt;/a&gt;&lt;/li&gt;
                                &lt;/ul&gt;
                            &lt;/li&gt;
                            &lt;li class="dropdown"&gt;
                                                                                                                                          
                             &lt;/li&gt;
                             &lt;li class="dropdown"&gt;
                                 &lt;a href="http://demo.guru99.com/insurance/v1/index.php"&gt;Insurance Project&lt;/a&gt;                             &lt;/li&gt;
                             &lt;li class="dropdown"&gt;
                               &lt;a href="http://demo.guru99.com/Agile_Project/Agi_V1/"&gt;Agile Project&lt;/a&gt;
                                
                            &lt;/li&gt;
                             &lt;li class="dropdown"&gt;
                                 &lt;a href="http://demo.guru99.com/V1/index.php"&gt;Bank Project&lt;/a&gt;                                                                 
                                    
                                         
                            &lt;/li&gt;
                            &lt;li class="dropdown"&gt;&lt;a href="http://demo.guru99.com/Security/SEC_V1/index.php"&gt;Security Project&lt;/a&gt;&lt;/li&gt;                            
                            &lt;li class="dropdown"&gt; 
                                                       &lt;/li&gt;
                           &lt;li class="dropdown"&gt;&lt;a href="http://demo.guru99.com/telecom/index.html"&gt;Telecom Project&lt;/a&gt;&lt;/li&gt;
                           
                           &lt;li class="dropdown"&gt;&lt;a href="http://demo.guru99.com/payment-gateway/index.php"&gt;Payment Gateway Project&lt;/a&gt;&lt;/li&gt;
                           
                           &lt;li class="dropdown"&gt;&lt;a href="http://demo.guru99.com/test/newtours/"&gt;New Tours&lt;/a&gt;&lt;/li&gt;
                           
                           &lt;li class="dropdown"&gt;
                                &lt;a href="#" class="dropdown-toggle" data-toggle="dropdown" style="font-size: 14px;"&gt;SEO
					            &lt;b class="caret"&gt;&lt;/b&gt;&lt;/a&gt;
                                &lt;ul class="dropdown-menu" style="font-size: 15px;"&gt;
                                   &lt;li&gt;&lt;a href="http://demo.guru99.com/seo/page-1.html"&gt;Page-1&lt;/a&gt;&lt;/li&gt;
                                   &lt;li&gt;&lt;a href="http://demo.guru99.com/seo/page-2.html"&gt;Page-2&lt;/a&gt;&lt;/li&gt;
                                   &lt;li&gt;&lt;a href="http://demo.guru99.com/seo/page-3.html"&gt;Page-3&lt;/a&gt;&lt;/li&gt;
                 ... (set the log level to DEBUG or TRACE to see the full content) 
 </msg>
<msg timestamp="20231019 12:58:47.949" level="INFO">C:\Users\mitbu\AppData\Local\Programs\Python\Python311\Lib\site-packages\urllib3\connectionpool.py:1095: InsecureRequestWarning: Unverified HTTPS request is being made to host 'demo.guru99.com'. Adding certificate verification is strongly advised. See: https://urllib3.readthedocs.io/en/latest/advanced-usage.html#tls-warnings
  warnings.warn(</msg>
<msg timestamp="20231019 12:58:47.949" level="INFO">${RESPOSTA} = &lt;Response [200]&gt;</msg>
<status status="PASS" starttime="20231019 12:58:47.346" endtime="20231019 12:58:47.949"/>
</kw>
<kw name="Log" library="BuiltIn">
<arg>${RESPOSTA.text}</arg>
<doc>Logs the given message with the given level.</doc>
<msg timestamp="20231019 12:58:47.950" level="INFO">
&lt;html&gt;
&lt;head&gt;
&lt;meta name="robots" content="noindex, nofollow"/&gt;
&lt;title&gt;Welcome: Mercury Tours&lt;/title&gt;
&lt;script language="JavaScript"&gt;
function changeStyle(obj, new_style) {
obj.className = new_style
}
&lt;/script&gt;
&lt;link href="../css/bootstrap.min.css" rel="stylesheet"&gt;

    &lt;link href="../css/main.css" rel="stylesheet"&gt;
    &lt;link href="../css/custom.css" rel="stylesheet"&gt;
    &lt;link href="../css/slider-cars.css" rel="stylesheet"&gt;
    &lt;link href="../css/home-bar.css" rel="stylesheet"&gt;



&lt;style type="text/css"&gt;
.menu {
BACKGROUND-COLOR: white; BORDER-BOTTOM: COLOR: menutext; CURSOR: default; FONT-FAMILY: MS Sans Serif; FONT-SIZE: 10pt; LINE-HEIGHT: 100%; POSITION: absolute; VISIBILITY: hidden
}
.visibleMenu {
BORDER-BOTTOM: COLOR: menutext; CURSOR: default; FONT-FAMILY: MS Sans Serif; FONT-SIZE: 10pt; LINE-HEIGHT: 100%; POSITION: absolute; VISIBILITY: visible
}
.menuItem {
POSITION: relative; COLOR: menutext; TEXT-DECORATION: none
}
.menuItemOver {
POSITION: relative; COLOR: highlighttext; TEXT-DECORATION: none
}
.menuItemOver A {
POSITION: relative; COLOR: highlighttext; CURSOR: default; TEXT-DECORATION: none
}
.menuItem A {
POSITION: relative; COLOR: menutext; CURSOR: default; TEXT-DECORATION: none
}
.more {
FONT-FAMILY: WebDings; POSITION: relative; TEXT-ALIGN: right; Z-INDEX: 100
}
.mouseOut {BACKGROUND: orange; FONT-Weight: bold;FONT-FAMILY: Helvetica; FONT-SIZE: 8pt;align="center"}
.mouseOver {BACKGROUND: "#FFC455"; FONT-Weight: bold;FONT-FAMILY: Helvetica; FONT-SIZE: 8pt; align="center"}

.footer {
    color: #000;
    background: #FFF;
    padding-top: 0px;
    padding-bottom: 0px;
    margin-bottom: 0px;
    line-height: 0px;
    margin-top: 0px;
}
&lt;/style&gt;&lt;/head&gt;
&lt;body&gt;
    
    &lt;head&gt;
&lt;meta name="robots" content="noindex, nofollow"/&gt;


&lt;/head&gt;
&lt;!-- Global site tag (gtag.js) - Google Analytics --&gt;
&lt;script async src="https://www.googletagmanager.com/gtag/js?id=UA-1248015-24"&gt;&lt;/script&gt;
&lt;script&gt;
  window.dataLayer = window.dataLayer || [];
  function gtag(){dataLayer.push(arguments);}
  gtag('js', new Date());

  gtag('config', 'UA-1248015-24');
&lt;/script&gt;  

 &lt;div class="container-fluid"&gt;
        &lt;!-- Top logo --&gt;
        &lt;div class="row topper"&gt;
            &lt;div class="col-md-2 header-section"&gt;
                &lt;div class="logo"&gt;
                    &lt;a href="https://www.guru99.com/" title="Home" rel="home" style="border: medium none;"&gt; &lt;img  src="/logo.png" alt="Guru99 Demo Sites" role="presentation"&gt; &lt;/a&gt;&lt;br/&gt;
                    &lt;div id="site-name" class="site-name" style="text-align: center;"&gt;&lt;a href="https://www.guru99.com/" title="Home" rel="home" style="font-size:32px;"&gt;Demo Site&lt;/a&gt;&lt;/div&gt;
                    
                   
                &lt;/div&gt;
                &lt;div id="name-and-slogan" style="padding-top: 0px;padding-left: 0px;"&gt;
                    &lt;div id="site-name" class="site-name"&gt;
                        
                        
                        
                    &lt;/div&gt;
                    
                &lt;/div&gt;
            &lt;/div&gt;
            &lt;div class="top-banner col-md-8"&gt;
               
 &lt;table style="margin-top:0px;border:1px solid black;" width="60%"&gt;
                            &lt;tr&gt;
                                &lt;td width="20%" style="text-align:center;"&gt;&lt;a href="https://www.guru99.com/software-testing.html"&gt;&lt;img src="https://demo.guru99.com/images/testing-logo-1.png" style="padding-bottom: 5px;"&gt;&lt;/a&gt;&lt;br/&gt;
                                &lt;a href="https://www.guru99.com/software-testing.html" style="font-size: 18px;"&gt;Testing&lt;/a&gt;&lt;/td&gt;
                                
                                &lt;td width="20%" style="border:1px solid black;text-align:center;"&gt;&lt;a href="https://www.guru99.com/selenium-tutorial.html"&gt;&lt;img src="https://demo.guru99.com/images/selenium-logo.jpg" style="padding-bottom: 5px;"&gt;&lt;/a&gt;&lt;br/&gt;
                                &lt;a href="https://www.guru99.com/selenium-tutorial.html" style="font-size: 18px;"&gt;Selenium&lt;/a&gt;&lt;/td&gt;
                                
                                &lt;td width="20%" style="border:1px solid black;text-align:center;"&gt;&lt;a href="https://www.guru99.com/live-projects.html"&gt;&lt;img src="https://demo.guru99.com/images/live-project-logo.png" style="padding-bottom: 5px;"&gt;&lt;/a&gt;&lt;br/&gt;
                                &lt;a href="https://www.guru99.com/live-projects.html" style="font-size: 18px;"&gt;Live Project&lt;/a&gt;&lt;/td&gt;
                                
                                &lt;td width="20%" style="text-align:center;"&gt;&lt;a href="https://www.guru99.com/java-tutorial.html"&gt;&lt;img src="https://demo.guru99.com/images/java-logo.png" style="padding-bottom: 5px;"&gt;&lt;/a&gt;&lt;br/&gt;
                                &lt;a href="https://www.guru99.com/java-tutorial.html" style="font-size: 18px;"&gt;Java&lt;/a&gt;&lt;/td&gt;
                            &lt;/tr&gt;
                        &lt;/table&gt;

 

             

            &lt;/div&gt;
        &lt;/div&gt;
        &lt;!-- End Top --&gt;
        
   
&lt;div class="row"&gt;
            &lt;nav class="navbar navbar-default" role="navigation"&gt;
                &lt;div class="container" style="padding-right: 0px;padding-left: 0px;"&gt;
                    &lt;!-- Brand and toggle --&gt;
                   

                    &lt;!-- Nav links for toggling --&gt;
                    &lt;div class="collapse navbar-collapse" id="navbar-brand-centered"&gt;
                        &lt;ul class="nav navbar-nav"&gt;
                            &lt;li class="dropdown"&gt;
                                &lt;a href="#" class="dropdown-toggle" data-toggle="dropdown"&gt;Selenium
					  &lt;b class="caret"&gt;&lt;/b&gt;&lt;/a&gt;
                                &lt;ul class="dropdown-menu"&gt;
                                    &lt;li&gt;&lt;a href="../../test/flash-testing.html"&gt;Flash Movie Demo&lt;/a&gt;&lt;/li&gt;
                                    &lt;li&gt;&lt;a href="../../test/radio.html"&gt;Radio &amp; Checkbox Demo&lt;/a&gt;&lt;/li&gt; 
                                    &lt;li&gt;&lt;a href="../../test/table.html"&gt;Table Demo&lt;/a&gt;&lt;/li&gt; 
                                    &lt;li&gt;&lt;a href="../../test/link.html"&gt;Accessing Link&lt;/a&gt;&lt;/li&gt;
                                    &lt;li&gt;&lt;a href="../../test/ajax.html"&gt;Ajax Demo&lt;/a&gt;&lt;/li&gt;
                                    &lt;li&gt;&lt;a href="../../test/block.html"&gt;Inside &amp; Outside Block Level Tag&lt;/a&gt;&lt;/li&gt;
                                    &lt;li&gt;&lt;a href="../../test/delete_customer.php"&gt;Delete Customer Form&lt;/a&gt;&lt;/li&gt;
                                    &lt;li&gt;&lt;a href="../../test/yahoo.html"&gt;Yahoo&lt;/a&gt;&lt;/li&gt;
                                    &lt;li&gt;&lt;a href="../../test/tooltip.html" &gt;Tooltip&lt;/a&gt;&lt;/li&gt;
                                    &lt;li&gt;&lt;a href="../../test/upload/" &gt;File Upload&lt;/a&gt;&lt;/li&gt;
                                    &lt;li&gt;&lt;a href="../../test/login.html" &gt;Login&lt;/a&gt;&lt;/li&gt;
                                    &lt;li&gt;&lt;a href="../../test/social-icon.html" &gt;Social Icon&lt;/a&gt;&lt;/li&gt;
                                    &lt;li&gt;&lt;a href="../../test/autoit.html" &gt;Selenium Auto IT&lt;/a&gt;&lt;/li&gt;
                                    &lt;li&gt;&lt;a href="../../test/facebook.html" &gt;Selenium IDE Test&lt;/a&gt;&lt;/li&gt;
                                    &lt;li&gt;&lt;a href="../../test/guru99home/"&gt;Guru99 Demo Page&lt;/a&gt;&lt;/li&gt;
                                    &lt;li&gt;&lt;a href="../../test/guru99home/scrolling.html"&gt;Scrollbar Demo&lt;/a&gt;&lt;/li&gt;
                                    &lt;li&gt;&lt;a href="../../test/image_upload/"&gt;File Upload using Sikuli Demo&lt;/a&gt;&lt;/li&gt;
                                    &lt;li&gt;&lt;a href="../../test/cookie/selenium_aut.php"&gt;Cookie Handling Demo&lt;/a&gt;&lt;/li&gt;
                                    &lt;li&gt;&lt;a href="../../test/drag_drop.html" &gt;Drag and Drop Action&lt;/a&gt;&lt;/li&gt;
                                    &lt;li&gt;&lt;a href="../../test/" &gt;Selenium DatePicker Demo&lt;/a&gt;&lt;/li&gt;
                                &lt;/ul&gt;
                            &lt;/li&gt;
                            &lt;li class="dropdown"&gt;
                                                                                                                                          
                             &lt;/li&gt;
                             &lt;li class="dropdown"&gt;
                                 &lt;a href="http://demo.guru99.com/insurance/v1/index.php"&gt;Insurance Project&lt;/a&gt;                             &lt;/li&gt;
                             &lt;li class="dropdown"&gt;
                               &lt;a href="http://demo.guru99.com/Agile_Project/Agi_V1/"&gt;Agile Project&lt;/a&gt;
                                
                            &lt;/li&gt;
                             &lt;li class="dropdown"&gt;
                                 &lt;a href="http://demo.guru99.com/V1/index.php"&gt;Bank Project&lt;/a&gt;                                                                 
                                    
                                         
                            &lt;/li&gt;
                            &lt;li class="dropdown"&gt;&lt;a href="http://demo.guru99.com/Security/SEC_V1/index.php"&gt;Security Project&lt;/a&gt;&lt;/li&gt;                            
                            &lt;li class="dropdown"&gt; 
                                                       &lt;/li&gt;
                           &lt;li class="dropdown"&gt;&lt;a href="http://demo.guru99.com/telecom/index.html"&gt;Telecom Project&lt;/a&gt;&lt;/li&gt;
                           
                           &lt;li class="dropdown"&gt;&lt;a href="http://demo.guru99.com/payment-gateway/index.php"&gt;Payment Gateway Project&lt;/a&gt;&lt;/li&gt;
                           
                           &lt;li class="dropdown"&gt;&lt;a href="http://demo.guru99.com/test/newtours/"&gt;New Tours&lt;/a&gt;&lt;/li&gt;
                           
                           &lt;li class="dropdown"&gt;
                                &lt;a href="#" class="dropdown-toggle" data-toggle="dropdown" style="font-size: 14px;"&gt;SEO
					            &lt;b class="caret"&gt;&lt;/b&gt;&lt;/a&gt;
                                &lt;ul class="dropdown-menu" style="font-size: 15px;"&gt;
                                   &lt;li&gt;&lt;a href="http://demo.guru99.com/seo/page-1.html"&gt;Page-1&lt;/a&gt;&lt;/li&gt;
                                   &lt;li&gt;&lt;a href="http://demo.guru99.com/seo/page-2.html"&gt;Page-2&lt;/a&gt;&lt;/li&gt;
                                   &lt;li&gt;&lt;a href="http://demo.guru99.com/seo/page-3.html"&gt;Page-3&lt;/a&gt;&lt;/li&gt;
                                   &lt;li&gt;&lt;a href="http://demo.guru99.com/seo/page-4.html"&gt;Page-4&lt;/a&gt;&lt;/li&gt;
                                   &lt;li&gt;&lt;a href="http://demo.guru99.com/seo/page-5.html"&gt;Page-5&lt;/a&gt;&lt;/li&gt;
                                   &lt;li&gt;&lt;a href="http://demo.guru99.com/seo/page-6.html"&gt;Page-6&lt;/a&gt;&lt;/li&gt;
                                &lt;/ul&gt;
                            &lt;/li&gt;
                        &lt;/ul&gt;
                       
                        
                    &lt;/div&gt;
                    &lt;!-- /.navbar-collapse --&gt;
                &lt;/div&gt;
                &lt;!-- /.container-fluid --&gt;
            &lt;/nav&gt;
        &lt;/div&gt;
     &lt;/div&gt;
     
&lt;div style="margin-left:20px;"&gt;
&lt;table border="0" height="100%" cellpadding="0" cellspacing="0"&gt;
  &lt;tr&gt;
    &lt;td valign="top" bgcolor="#003366"&gt;      &lt;table border="0" cellpadding="0" cellspacing="0" &gt;
    &lt;td valign="top" halign="center" bgcolor="#003366"&gt;

&lt;!--NAVIGATION BAR REGION START--&gt;
&lt;table width="110" border="0" cellspacing="0" cellpadding="8" align="center"&gt;
&lt;tr valign="top"&gt;
&lt;td&gt;
&lt;p align="center"&gt;&lt;img src="images/logo.gif" width="100" height="110" alt="Mercury Tours"&gt;&lt;br&gt;	  &lt;/p&gt;
&lt;table border="2" cellspacing="0" cellpadding="2" align="center" bordercolor="#000000" &gt;
&lt;tr class=mouseOut onMouseOut="changeStyle(this, 'mouseOut')" onMouseOver="changeStyle(this, 'mouseOver')"&gt;
&lt;td width="20" height="19"&gt;&lt;/a&gt;&lt;/td&gt;
&lt;td  width="80" height="19" bgcolor="#FFC455" &gt;&lt;font color="#000000"&gt;&lt;a href="index.php"  style="margin-left: 5px;color: #0000ee;text-decoration: underline;"&gt;Home&lt;/a&gt;&lt;/font&gt;&lt;/td&gt;
&lt;/tr&gt;
&lt;tr class=mouseOut onMouseOut="changeStyle(this, 'mouseOut')" onMouseOver="changeStyle(this, 'mouseOver')"&gt;
&lt;td width="20" height="19"&gt;&lt;/a&gt;&lt;/td&gt;
&lt;td  width="80" height="19" bgcolor="#FFC455" &gt;&lt;a href="reservation.php" style="margin-left: 5px;color: #0000ee;text-decoration: underline;"&gt;Flights&lt;/a&gt;&lt;/td&gt;&lt;/tr&gt;

&lt;tr class=mouseOut onMouseOut="changeStyle(this, 'mouseOut')" onMouseOver="changeStyle(this, 'mouseOver')"&gt;
&lt;td width="20" height="19"&gt;&lt;/a&gt;&lt;/td&gt;
&lt;td  width="80" height="19" bgcolor="#FFC455" &gt;&lt;a href="support.php" style="margin-left: 5px;color: #0000ee;text-decoration: underline;"&gt;Hotels&lt;/a&gt;&lt;/td&gt;
&lt;/tr&gt;
&lt;tr class=mouseOut onMouseOut="changeStyle(this, 'mouseOut')" onMouseOver="changeStyle(this, 'mouseOver')"&gt;
&lt;td width="20" height="19"&gt;&lt;/a&gt;&lt;/td&gt;
&lt;td  width="80" height="19" bgcolor="#FFC455"&gt;&lt;font color="#000000"&gt;&lt;a href="support.php" style="margin-left: 5px;color: #0000ee;text-decoration: underline;"&gt;Car Rentals&lt;/a&gt;&lt;/font&gt;&lt;/td&gt;
&lt;/tr&gt;
&lt;tr class=mouseOut onMouseOut="changeStyle(this, 'mouseOut')" onMouseOver="changeStyle(this, 'mouseOver')"&gt;
&lt;td width="20" height="19"&gt;&lt;/a&gt;&lt;/td&gt;
&lt;td width="80" height="19" bgcolor="#FFC455"&gt;&lt;a href="index.php" style="margin-left: 5px;color: #0000ee;text-decoration: underline;"&gt;Cruises&lt;/a&gt;&lt;/td&gt;
&lt;/tr&gt;
&lt;tr class=mouseOut onMouseOut="changeStyle(this, 'mouseOut')" onMouseOver="changeStyle(this, 'mouseOver')"&gt;
&lt;td width="20" height="19"&gt;&lt;/a&gt;&lt;/td&gt;

&lt;td  width="80" height="19" bgcolor="#FFC455"&gt;&lt;a href="support.php" style="margin-left: 5px;color: #0000ee;text-decoration: underline;"&gt;Destinations&lt;/a&gt;&lt;/td&gt;
&lt;/tr&gt;
&lt;tr class=mouseOut onMouseOut="changeStyle(this, 'mouseOut')" onMouseOver="changeStyle(this, 'mouseOver')"&gt;
&lt;td width="20" height="19"&gt;&lt;/a&gt;&lt;/td&gt;
&lt;td  width="80" height="19" bgcolor="#FFC455" height="18"&gt;&lt;a href="support.php" style="margin-left: 5px;color: #0000ee;text-decoration: underline;"&gt;Vacations&lt;/a&gt;&lt;/td&gt;
&lt;/table&gt;
&lt;p align="center"&gt;&lt;img src="images/html.gif" width="100" height="61" border="0"&gt;
&lt;font face="Arial, Helvetica, sans-serif" color=white size="1"&gt;&lt;u&gt;Use Java Version&lt;/u&gt;&lt;/font&gt;&lt;/p&gt;
&lt;p align="center"&gt;&lt;img src="images/boxad1.gif" width="88" height="78"&gt;&lt;/p&gt;
&lt;/tr&gt;
&lt;/table&gt;

&lt;!--NAVIGATION BAR REGION END--&gt;

    &lt;/td&gt;
		&lt;/table&gt;
    &lt;/td&gt;
    &lt;td valign="top"&gt;
      &lt;table border="0" cellpadding="0" cellspacing="0"&gt;
        &lt;tr&gt;
          &lt;td bgcolor="#003366" height="63"&gt;

&lt;!--AD REGION START--&gt;
&lt;img src="images/banner2.gif" width="488" height="63" border="0" hspace="8" vspace="4"&gt;

&lt;!--AD REGION END--&gt;

          &lt;/td&gt;
       &lt;/tr&gt;
      &lt;tr&gt;
        &lt;td height="16" bgcolor="#FF9900" align="right"&gt;



&lt;!--HEADER REGION START--&gt;
&lt;table  border="1" bordercolor="#000000" cellpadding="0" cellspacing="0" height=" 16" background =" black"&gt;
  &lt;tr&gt;

    &lt;td class=mouseOut width="67" height="33" align="center" onMouseOut="changeStyle(this, 'mouseOut')" onMouseOver="changeStyle(this, 'mouseOver')"&gt;&lt;a href="login.php" style="color: #0000ee;text-decoration: underline;"&gt;SIGN-ON&lt;/a&gt;&lt;/td&gt;
    &lt;td class=mouseOut width="77" height="33" align="center" onMouseOut="changeStyle(this, 'mouseOut')" onMouseOver="changeStyle(this, 'mouseOver')"&gt;&lt;a href="register.php" style="color: #0000ee;text-decoration: underline;"&gt;REGISTER&lt;/a&gt;&lt;/td&gt;
    &lt;td class=mouseOut width="73" height="33" align="center" onMouseOut="changeStyle(this, 'mouseOut')" onMouseOver="changeStyle(this, 'mouseOver')"&gt;&lt;a href="support.php" style="color: #0000ee;text-decoration: underline;"&gt;SUPPORT&lt;/a&gt;&lt;/td&gt;
    &lt;td class=mouseOut width="74" height="33" align="center" onMouseOut="changeStyle(this, 'mouseOut')" onMouseOver="changeStyle(this, 'mouseOver')"&gt;&lt;a href="support.php" style="color: #0000ee;text-decoration: underline;" &gt;CONTACT&lt;/a&gt;&lt;/td&gt;
  &lt;/tr&gt;
&lt;/table&gt;

&lt;!--HEADER REGION END--&gt;

        &lt;/td&gt;
      &lt;/tr&gt;
      &lt;tr&gt;
        &lt;td height="14"  align="right"&gt;



&lt;!--Space REGION START--&gt;

&lt;!--Space REGION END--&gt;

        &lt;/td&gt;

      &lt;/tr&gt;
      &lt;tr&gt;
        &lt;td&gt;

&lt;!--CONTENT REGION START--&gt;
				&lt;table border="0" cellpadding="0" cellspacing="0"&gt;
				&lt;tr&gt;
				  &lt;td width="14"&gt;
				    
				  &lt;/td&gt;
				&lt;td&gt;

&lt;table width="492" border="0" cellspacing="0" cellpadding="0"&gt;
  &lt;tr&gt;  &lt;/tr&gt;
  &lt;tr&gt;
    &lt;td width="273" valign="top"&gt; 
      &lt;p&gt;&lt;img src="images/featured_destination.gif" width="273" height="298" alt="Featured Destination: Aruba"&gt;&lt;/p&gt;
      &lt;table width="100%" border="0" cellspacing="0" cellpadding="0"&gt;
        &lt;tr&gt; 
          &lt;td width="273"&gt;&lt;img src="images/hdr_specials.gif" width="270" height="20" alt="Specials"&gt;&lt;/td&gt;
        &lt;/tr&gt;
        &lt;tr&gt;

          &lt;td&gt;&lt;img src="images/spacer.gif" width="1" height="10"&gt;&lt;/td&gt;
        &lt;/tr&gt;
        &lt;tr valign="top"&gt; 
          &lt;td height="101"&gt;
            &lt;table width="270" border="0" cellspacing="0" cellpadding="2"&gt;
              &lt;tr bgcolor="#CCCCCC"&gt; 
                &lt;td width="80%"&gt;&lt;font face="Arial, Helvetica, sans-serif, Verdana" size="2"&gt;Atlanta 
                  to Las Vegas&lt;/font&gt;&lt;/td&gt;
                &lt;td width="20%"&gt;
                  &lt;div align="right"&gt;&lt;font face="Arial, Helvetica, sans-serif, Verdana" size="2"&gt;&lt;b&gt;$398&lt;/b&gt;&lt;/font&gt;&lt;/div&gt;

                &lt;/td&gt;
              &lt;/tr&gt;
              &lt;tr&gt;
                &lt;td width="80%" height="10"&gt;&lt;font face="Arial, Helvetica, sans-serif" size="2"&gt;Boston 
                  to San Francisco&lt;/font&gt;&lt;/td&gt;
                &lt;td width="20%" height="10"&gt;
                  &lt;div align="right"&gt;&lt;font face="Arial, Helvetica, sans-serif" size="2"&gt;&lt;b&gt;$513&lt;/b&gt;&lt;/font&gt;&lt;/div&gt;
                &lt;/td&gt;
              &lt;/tr&gt;

              &lt;tr bgcolor="#CCCCCC"&gt;
                &lt;td width="80%"&gt;&lt;font face="Arial, Helvetica, sans-serif" size="2"&gt;Los 
                  Angeles to Chicago&lt;/font&gt;&lt;/td&gt;
                &lt;td width="20%"&gt;
                  &lt;div align="right"&gt;&lt;font face="Arial, Helvetica, sans-serif" size="2"&gt;&lt;b&gt;$168&lt;/b&gt;&lt;/font&gt;&lt;/div&gt;
                &lt;/td&gt;
              &lt;/tr&gt;
              &lt;tr&gt;
                &lt;td width="80%"&gt;&lt;font face="Arial, Helvetica, sans-serif" size="2"&gt;New 
                  York to Chicago&lt;/font&gt;&lt;/td&gt;

                &lt;td width="20%"&gt;
                  &lt;div align="right"&gt;&lt;font face="Arial, Helvetica, sans-serif" size="2"&gt;&lt;b&gt;$198&lt;/b&gt;&lt;/font&gt;&lt;/div&gt;
                &lt;/td&gt;
              &lt;/tr&gt;
              &lt;tr bgcolor="#CCCCCC"&gt; 
                &lt;td width="80%" height="19"&gt;&lt;font face="Arial, Helvetica, sans-serif" size="2"&gt;Phoenix 
                  to San Francisco&lt;/font&gt;&lt;/td&gt;
                &lt;td width="20%" height="19"&gt;
                  &lt;div align="right"&gt;&lt;font face="Arial, Helvetica, sans-serif" size="2"&gt;&lt;b&gt;$213&lt;/b&gt;&lt;/font&gt;&lt;/div&gt;

                &lt;/td&gt;
              &lt;/tr&gt;
            &lt;/table&gt;
          &lt;/td&gt;
        &lt;/tr&gt;
      &lt;/table&gt;

      &lt;table width="277" border="0" cellpadding="0" cellspacing="0"&gt;
        &lt;tr&gt;

          &lt;td colspan="2"&gt;&lt;br&gt;
            &lt;img src="images/hdr_tips.gif" width="270" height="20" alt="Tour Tips"&gt;&lt;/td&gt;
        &lt;/tr&gt;
        &lt;tr&gt;
          &lt;td width="274" colspan="2"&gt;&lt;img src="images/spacer.gif" width="1" height="10"&gt;&lt;/td&gt;
        &lt;/tr&gt;
        &lt;tr&gt;
          &lt;td width="84"&gt;&lt;img src="images/tip93.gif" width="70" height="47" alt="Tip#93"&gt;&lt;/td&gt;
          &lt;td valign="top" width="190"&gt;&lt;font face="Arial, Helvetica, sans-serif, Verdana" size="2"&gt;Always 
            carry a travel first aid kit with bandages, antacids, aspirin, bee
            sting wipes, and other basic necessities.&lt;/font&gt;&lt;/td&gt;

        &lt;/tr&gt;
      &lt;/table&gt;
      &lt;p&gt;&amp;nbsp; &lt;/p&gt;
      &lt;p&gt;&amp;nbsp; &lt;/p&gt;
    &lt;/td&gt;
    &lt;td width="216"&gt;&amp;nbsp;&amp;nbsp;&amp;nbsp;&lt;/td&gt;
    &lt;td width="192" valign="top"&gt; 
      &lt;form method="post" action="index.php" name="home" &gt;
	&lt;input type=hidden name=action value=process&gt;
        &lt;table width="192" border="0" cellspacing="0" cellpadding="0"&gt;
          &lt;tr align="right"&gt;
            &lt;td colspan="2"&gt;&lt;font face="Arial, Helvetica, sans-serif, Verdana" size="2"&gt;&lt;b&gt;Jul 6, 2017&lt;/b&gt;&lt;/font&gt;&lt;/td&gt;
          &lt;/tr&gt;
          &lt;tr&gt;
            &lt;td colspan="2"&gt;&lt;img src="images/spacer.gif" width="1" height="10"&gt;&lt;/td&gt;
          &lt;/tr&gt;
          &lt;tr&gt;

            &lt;td&gt;&lt;img src="images/hdr_findflight.gif" width="88" height="20" alt="Find a Flight"&gt;&lt;/td&gt;
            &lt;td&gt;&lt;img src="images/hdr_right.gif" width="104" height="20"&gt;&lt;/td&gt;
          &lt;/tr&gt;
          &lt;tr&gt;
            &lt;td colspan="2"&gt; 
              &lt;table width="100%" border="0" cellspacing="0" cellpadding="3" style="margin:5px;"&gt;
                &lt;tr&gt;
                  &lt;td colspan="2"&gt;&lt;font face="Arial, Helvetica, sans-serif" size="2"&gt;Registered 
                    users can &lt;b&gt;sign-in here&lt;/b&gt; to find the lowest fare on participating
                    airlines.&lt;/font&gt; &lt;/td&gt;

                &lt;/tr&gt;
                &lt;tr&gt;
                  &lt;td align="right"&gt;&lt;font face="Arial, Helvetica, sans-serif" size="2"&gt;User 
                    Name: &lt;/font&gt;&lt;/td&gt;
                  &lt;td width="112" style="font-family:Arial, Helvetica;font-size:13px;color:#000;padding:5px;"&gt;
                    &lt;input type="text" name="userName" size="10" &gt;
                  &lt;/td&gt;
                &lt;/tr&gt;
                &lt;tr&gt;

                  &lt;td align="right"&gt;&lt;font face="Arial, Helvetica, sans-serif" size="2"&gt;Password:&lt;/font&gt;&lt;/td&gt;
                  &lt;td width="112"  style="font-family:Arial, Helvetica;font-size:13px;color:#000;padding:5px;"&gt;
                    &lt;input type="password" name="password" size="10" &gt;&lt;br/&gt;&lt;span&gt;&lt;/spna&gt;
                  &lt;/td&gt;
                &lt;/tr&gt;
                &lt;tr&gt;
                  &lt;td align="right"&gt;&amp;nbsp;&lt;/td&gt;
                  &lt;td width="112"&gt; 
                    
                         &lt;div align="center"&gt;&lt;input type ="submit" name ="submit" value ="Submit" style="background-color: #FACB00;border: 1px solid black;font-family:MS Sans Serif;font-size:15px;"&gt; &lt;/td&gt;
					&lt;/div&gt;
                  &lt;/td&gt;
                &lt;/tr&gt;
                &lt;tr&gt;
                  &lt;td colspan="2"&gt;&lt;img src="images/spacer.gif" width="1" height="2"&gt;&lt;/td&gt;
                &lt;/tr&gt;
              &lt;/table&gt;
            &lt;/td&gt;
          &lt;/tr&gt;

          &lt;tr&gt;
            &lt;td&gt;&lt;img src="images/hdr_destinations.gif" width="88" height="20" alt="Desinations"&gt;&lt;/td&gt;
            &lt;td&gt;&lt;img src="images/hdr_right.gif" width="104" height="20"&gt;&lt;/td&gt;
          &lt;/tr&gt;
          &lt;tr&gt;
            &lt;td colspan="2"&gt; 
              &lt;table border="0" cellspacing="0" cellpadding="3" width="100%" style="margin:5px;"&gt;
                &lt;tr&gt;
                  &lt;td align="center" width="80"&gt;&lt;img src="images/icn_destinations.gif" width="34" height="34"&gt;&lt;/td&gt;

                  &lt;td width="100"&gt;&lt;font face="Arial, Helvetica, sans-serif, Verdana" size="2"&gt;Find
                    detailed information about &lt;a href="index.php" style="color: #0000ee;text-decoration: underline;"&gt;your destination&lt;/a&gt;.&lt;/font&gt; 
                  &lt;/td&gt;
                &lt;/tr&gt;
              &lt;/table&gt;
            &lt;/td&gt;
          &lt;/tr&gt;
          &lt;tr&gt;
            &lt;td&gt;&lt;img src="images/hdr_vacation.gif" width="88" height="20" alt="vacations"&gt;&lt;/td&gt;

            &lt;td&gt;&lt;img src="images/hdr_right.gif" width="104" height="20"&gt;&lt;/td&gt;
          &lt;/tr&gt;
          &lt;tr&gt;
            &lt;td colspan="2"&gt; 
              &lt;table border="0" cellspacing="0" cellpadding="3" width="100%" style="margin:5px;"&gt;
                &lt;tr&gt;
                  &lt;td align="center" width="80"&gt;&lt;img src="images/icn_vacations.gif" width="40" height="37"&gt;&lt;/td&gt;
                  &lt;td width="100"&gt;&lt;font face="Arial, Helvetica, sans-serif, Verdana" size="2"&gt;Read
                    about our &lt;a href="index.php" style="color: #0000ee;text-decoration: underline;" &gt;featured vacation destinations&lt;/a&gt;.&lt;/font&gt;&lt;/td&gt;

                &lt;/tr&gt;
              &lt;/table&gt;
            &lt;/td&gt;
          &lt;/tr&gt;
          &lt;tr&gt;
            &lt;td&gt;&lt;img src="images/hdr_register.gif" width="88" height="20" alt="Register"&gt;&lt;/td&gt;
            &lt;td&gt;&lt;img src="images/hdr_right.gif" width="104" height="20"&gt;&lt;/td&gt;
          &lt;/tr&gt;
          &lt;tr&gt;

            &lt;td colspan="2"&gt; 
              &lt;table border="0" cellspacing="0" cellpadding="3" width="100%" style="margin:5px;"&gt;
                &lt;tr&gt;
                  &lt;td width="80" align="center"&gt;&lt;img src="images/icn_register.gif" width="42" height="35"&gt;&lt;/td&gt;
                  &lt;td width="100"&gt;&lt;font face="Arial, Helvetica, sans-serif, Verdana" size="2"&gt;&lt;a href="register.php" style="color: #0000ee;text-decoration: underline;"&gt;Register 
                    here&lt;/a&gt; to join Mercury Tours!&lt;/font&gt; &lt;/td&gt;
                &lt;/tr&gt;
              &lt;/table&gt;

            &lt;/td&gt;
          &lt;/tr&gt;
          &lt;tr&gt;
            &lt;td&gt;&lt;img src="images/hdr_links.gif" width="88" height="20" alt="Links"&gt;&lt;/td&gt;
            &lt;td&gt;&lt;img src="images/hdr_right.gif" width="104" height="20"&gt;&lt;/td&gt;
          &lt;/tr&gt;
          &lt;tr&gt;
            &lt;td colspan="2"&gt; 
              &lt;table border="0" cellspacing="0" cellpadding="3" width="100%" &gt;

                &lt;tr&gt;
                  &lt;td&gt; &lt;font face="Arial, Helvetica, sans-serif, Verdana" size="2"&gt; &lt;br&gt;
                    &lt;a href="http://businesstravel.about.com/mbody.htm?PM=78_101_T&amp;amp;cob=home" style="color: #0000ee;text-decoration: underline;"&gt;Business 
                    Travel @ About.com&lt;/a&gt;&lt;br&gt;
                    &lt;a href="https://www.tripadvisor.in/" style="color: #0000ee;text-decoration: underline;" &gt;Salon Travel&lt;/a&gt;&lt;/font&gt;&lt;/td&gt;
                &lt;/tr&gt;
              &lt;/table&gt;
            &lt;/td&gt;

          &lt;/tr&gt;
        &lt;/table&gt;
      &lt;/form&gt;
      &lt;p&gt;&amp;nbsp; &lt;/p&gt;
    &lt;/td&gt;
  &lt;/tr&gt;
&lt;/table&gt;
				&lt;/td&gt;
				&lt;/tr&gt;

				&lt;/table&gt;

&lt;!--CONTENT REGION END--&gt;

        &lt;/td&gt;
      &lt;/tr&gt;
     &lt;tr&gt;
      &lt;td&gt;

&lt;!--FOOTER REGION START--&gt;


&lt;!--FOOTER REGION START--&gt;
&lt;div class="footer" style="font-family: times new roman;"&gt;
&amp;copy; 2005, Mercury Interactive (v. 011003-1.01-058)
&lt;/div&gt;
&lt;!--FOOTER REGION END--&gt;


&lt;!--FOOTER REGION END--&gt;

      &lt;/td&gt;
     &lt;/tr&gt;
      &lt;/td&gt;
    &lt;/tr&gt;

  &lt;/table&gt;
&lt;/table&gt;
&lt;/div&gt;
&lt;script async='async' src='https://www.googletagservices.com/tag/js/gpt.js'&gt;&lt;/script&gt;
&lt;script&gt;var gptadslots=[];
var googletag=googletag||{cmd:[]};
window.googletag = window.googletag || {cmd: []};
var interstitialSlot, staticSlot, staticSlot1;
&lt;/script&gt;

&lt;script type="text/javascript" src="//fdyn.pubwise.io/script/b7da2361-4ada-4374-9097-af748311b5fe/v3/dyn/pre_pws.js"&gt;&lt;/script&gt;
&lt;script type="text/javascript" src="//fdyn.pubwise.io/script/b7da2361-4ada-4374-9097-af748311b5fe/v3/dyn/pws.js" async&gt;&lt;/script&gt;

&lt;script&gt;
googletag.cmd.push(function(){
googletag.pubads().collapseEmptyDivs(true);
googletag.pubads().disableInitialLoad();


gptadslots['interstitial'] = googletag.defineOutOfPageSlot('/24132379/INTERSTITIAL_DemoGuru99', googletag.enums.OutOfPageFormat.INTERSTITIAL).addService(googletag.pubads());


googletag.enableServices();
googletag.pubads().setTargeting('TestMode', ['True']);
});&lt;/script&gt;

&lt;div id="interstitial"&gt;
 &lt;script type="text/javascript"&gt; 
 if (typeof(pubwise) != 'undefined' &amp;&amp; pubwise.enabled === true) {
 pubwise.que.push(function() {              
 pubwise.renderAd('interstitial');
      });
    }else{
 googletag.cmd.push(function () {                    
 googletag.display('interstitial');
 googletag.pubads().refresh([gptadslots['interstitial']]);          
      });
    }
 &lt;/script&gt;
&lt;/div&gt;

&lt;div id="static-ad-1"&gt;&lt;/div&gt;
&lt;script&gt;
        googletag.cmd.push(function() {
        googletag.display(staticSlot);
        });
&lt;/script&gt; &lt;script src="../js/jquery.js"&gt;&lt;/script&gt;
    &lt;script src="../js/bootstrap.min.js"&gt;&lt;/script&gt;
    &lt;script src="../js/treemenu.js"&gt;&lt;/script&gt;
    &lt;script src="../js/slider-cars.js"&gt;&lt;/script&gt;
    &lt;script src="../js/home-bar.js"&gt;&lt;/script&gt;
&lt;/body&gt;
&lt;/html&gt;</msg>
<status status="PASS" starttime="20231019 12:58:47.950" endtime="20231019 12:58:47.950"/>
</kw>
<kw name="Set Test Variable" library="BuiltIn">
<arg>${RESPOSTA}</arg>
<doc>Makes a variable available everywhere within the scope of the current test.</doc>
<msg timestamp="20231019 12:58:47.950" level="INFO">${RESPOSTA} = &lt;Response [200]&gt;</msg>
<status status="PASS" starttime="20231019 12:58:47.950" endtime="20231019 12:58:47.950"/>
</kw>
<kw name="Should Be Equal As Strings" library="BuiltIn">
<arg>${RESPOSTA.status_code}</arg>
<arg>${STATUSCODE_DESEJADO}</arg>
<doc>Fails if objects are unequal after converting them to strings.</doc>
<msg timestamp="20231019 12:58:47.950" level="INFO">Argument types are:
&lt;class 'int'&gt;
&lt;class 'str'&gt;</msg>
<status status="PASS" starttime="20231019 12:58:47.950" endtime="20231019 12:58:47.950"/>
</kw>
<status status="PASS" starttime="20231019 12:58:47.346" endtime="20231019 12:58:47.950"/>
</kw>
<kw name="Conferir o reason" library="ChamadaAPI">
<arg>OK</arg>
<kw name="Should Be Equal As Strings" library="BuiltIn">
<arg>${RESPOSTA.reason}</arg>
<arg>${REASON_DESEJADO}</arg>
<doc>Fails if objects are unequal after converting them to strings.</doc>
<status status="PASS" starttime="20231019 12:58:47.952" endtime="20231019 12:58:47.952"/>
</kw>
<status status="PASS" starttime="20231019 12:58:47.950" endtime="20231019 12:58:47.952"/>
</kw>
<doc>Realizar conferencia de retorno API HomePage</doc>
<tag>RETORNOAPI</tag>
<status status="PASS" starttime="20231019 12:58:47.346" endtime="20231019 12:58:47.952"/>
</test>
<test id="s1-s1-t2" name="@Cenario02" line="14">
<kw name="Api &quot;reservation.php&quot;" library="ChamadaAPI" sourcename="Api &quot;${Api}&quot;">
<kw name="Set Global Variable" library="BuiltIn">
<arg>${Api}</arg>
<doc>Makes a variable available globally in all tests and suites.</doc>
<msg timestamp="20231019 12:58:47.953" level="INFO">${Api} = reservation.php</msg>
<status status="PASS" starttime="20231019 12:58:47.953" endtime="20231019 12:58:47.953"/>
</kw>
<status status="PASS" starttime="20231019 12:58:47.953" endtime="20231019 12:58:47.953"/>
</kw>
<kw name="Conferir o status code" library="ChamadaAPI">
<arg>200</arg>
<kw name="GET On Session" library="RequestsLibrary">
<var>${RESPOSTA}</var>
<arg>apelidoAPI</arg>
<arg>index.php</arg>
<doc>Sends a GET request on a previously created HTTP Session.</doc>
<msg timestamp="20231019 12:58:48.156" level="INFO">GET Request : url=https://demo.guru99.com/test/newtours/index.php 
 path_url=/test/newtours/index.php 
 headers={'User-Agent': 'python-requests/2.31.0', 'Accept-Encoding': 'gzip, deflate', 'Accept': '*/*', 'Connection': 'keep-alive', 'Cookie': 'PHPSESSID=6f929a7518ae02ad41b2fa89bc46c549'} 
 body=None 
 </msg>
<msg timestamp="20231019 12:58:48.156" level="INFO">GET Response : url=https://demo.guru99.com/test/newtours/index.php 
 status=200, reason=OK 
 headers={'Date': 'Thu, 19 Oct 2023 15:58:47 GMT', 'Server': 'Apache', 'Expires': 'Thu, 19 Nov 1981 08:52:00 GMT', 'Cache-Control': 'no-store, no-cache, must-revalidate', 'Pragma': 'no-cache', 'Vary': 'Accept-Encoding,User-Agent', 'Content-Encoding': 'gzip', 'Content-Length': '5209', 'Keep-Alive': 'timeout=2, max=499', 'Connection': 'Keep-Alive', 'Content-Type': 'text/html; charset=UTF-8'} 
 body=
&lt;html&gt;
&lt;head&gt;
&lt;meta name="robots" content="noindex, nofollow"/&gt;
&lt;title&gt;Welcome: Mercury Tours&lt;/title&gt;
&lt;script language="JavaScript"&gt;
function changeStyle(obj, new_style) {
obj.className = new_style
}
&lt;/script&gt;
&lt;link href="../css/bootstrap.min.css" rel="stylesheet"&gt;

    &lt;link href="../css/main.css" rel="stylesheet"&gt;
    &lt;link href="../css/custom.css" rel="stylesheet"&gt;
    &lt;link href="../css/slider-cars.css" rel="stylesheet"&gt;
    &lt;link href="../css/home-bar.css" rel="stylesheet"&gt;



&lt;style type="text/css"&gt;
.menu {
BACKGROUND-COLOR: white; BORDER-BOTTOM: COLOR: menutext; CURSOR: default; FONT-FAMILY: MS Sans Serif; FONT-SIZE: 10pt; LINE-HEIGHT: 100%; POSITION: absolute; VISIBILITY: hidden
}
.visibleMenu {
BORDER-BOTTOM: COLOR: menutext; CURSOR: default; FONT-FAMILY: MS Sans Serif; FONT-SIZE: 10pt; LINE-HEIGHT: 100%; POSITION: absolute; VISIBILITY: visible
}
.menuItem {
POSITION: relative; COLOR: menutext; TEXT-DECORATION: none
}
.menuItemOver {
POSITION: relative; COLOR: highlighttext; TEXT-DECORATION: none
}
.menuItemOver A {
POSITION: relative; COLOR: highlighttext; CURSOR: default; TEXT-DECORATION: none
}
.menuItem A {
POSITION: relative; COLOR: menutext; CURSOR: default; TEXT-DECORATION: none
}
.more {
FONT-FAMILY: WebDings; POSITION: relative; TEXT-ALIGN: right; Z-INDEX: 100
}
.mouseOut {BACKGROUND: orange; FONT-Weight: bold;FONT-FAMILY: Helvetica; FONT-SIZE: 8pt;align="center"}
.mouseOver {BACKGROUND: "#FFC455"; FONT-Weight: bold;FONT-FAMILY: Helvetica; FONT-SIZE: 8pt; align="center"}

.footer {
    color: #000;
    background: #FFF;
    padding-top: 0px;
    padding-bottom: 0px;
    margin-bottom: 0px;
    line-height: 0px;
    margin-top: 0px;
}
&lt;/style&gt;&lt;/head&gt;
&lt;body&gt;
    
    &lt;head&gt;
&lt;meta name="robots" content="noindex, nofollow"/&gt;


&lt;/head&gt;
&lt;!-- Global site tag (gtag.js) - Google Analytics --&gt;
&lt;script async src="https://www.googletagmanager.com/gtag/js?id=UA-1248015-24"&gt;&lt;/script&gt;
&lt;script&gt;
  window.dataLayer = window.dataLayer || [];
  function gtag(){dataLayer.push(arguments);}
  gtag('js', new Date());

  gtag('config', 'UA-1248015-24');
&lt;/script&gt;  

 &lt;div class="container-fluid"&gt;
        &lt;!-- Top logo --&gt;
        &lt;div class="row topper"&gt;
            &lt;div class="col-md-2 header-section"&gt;
                &lt;div class="logo"&gt;
                    &lt;a href="https://www.guru99.com/" title="Home" rel="home" style="border: medium none;"&gt; &lt;img  src="/logo.png" alt="Guru99 Demo Sites" role="presentation"&gt; &lt;/a&gt;&lt;br/&gt;
                    &lt;div id="site-name" class="site-name" style="text-align: center;"&gt;&lt;a href="https://www.guru99.com/" title="Home" rel="home" style="font-size:32px;"&gt;Demo Site&lt;/a&gt;&lt;/div&gt;
                    
                   
                &lt;/div&gt;
                &lt;div id="name-and-slogan" style="padding-top: 0px;padding-left: 0px;"&gt;
                    &lt;div id="site-name" class="site-name"&gt;
                        
                        
                        
                    &lt;/div&gt;
                    
                &lt;/div&gt;
            &lt;/div&gt;
            &lt;div class="top-banner col-md-8"&gt;
               
 &lt;table style="margin-top:0px;border:1px solid black;" width="60%"&gt;
                            &lt;tr&gt;
                                &lt;td width="20%" style="text-align:center;"&gt;&lt;a href="https://www.guru99.com/software-testing.html"&gt;&lt;img src="https://demo.guru99.com/images/testing-logo-1.png" style="padding-bottom: 5px;"&gt;&lt;/a&gt;&lt;br/&gt;
                                &lt;a href="https://www.guru99.com/software-testing.html" style="font-size: 18px;"&gt;Testing&lt;/a&gt;&lt;/td&gt;
                                
                                &lt;td width="20%" style="border:1px solid black;text-align:center;"&gt;&lt;a href="https://www.guru99.com/selenium-tutorial.html"&gt;&lt;img src="https://demo.guru99.com/images/selenium-logo.jpg" style="padding-bottom: 5px;"&gt;&lt;/a&gt;&lt;br/&gt;
                                &lt;a href="https://www.guru99.com/selenium-tutorial.html" style="font-size: 18px;"&gt;Selenium&lt;/a&gt;&lt;/td&gt;
                                
                                &lt;td width="20%" style="border:1px solid black;text-align:center;"&gt;&lt;a href="https://www.guru99.com/live-projects.html"&gt;&lt;img src="https://demo.guru99.com/images/live-project-logo.png" style="padding-bottom: 5px;"&gt;&lt;/a&gt;&lt;br/&gt;
                                &lt;a href="https://www.guru99.com/live-projects.html" style="font-size: 18px;"&gt;Live Project&lt;/a&gt;&lt;/td&gt;
                                
                                &lt;td width="20%" style="text-align:center;"&gt;&lt;a href="https://www.guru99.com/java-tutorial.html"&gt;&lt;img src="https://demo.guru99.com/images/java-logo.png" style="padding-bottom: 5px;"&gt;&lt;/a&gt;&lt;br/&gt;
                                &lt;a href="https://www.guru99.com/java-tutorial.html" style="font-size: 18px;"&gt;Java&lt;/a&gt;&lt;/td&gt;
                            &lt;/tr&gt;
                        &lt;/table&gt;

 

             

            &lt;/div&gt;
        &lt;/div&gt;
        &lt;!-- End Top --&gt;
        
   
&lt;div class="row"&gt;
            &lt;nav class="navbar navbar-default" role="navigation"&gt;
                &lt;div class="container" style="padding-right: 0px;padding-left: 0px;"&gt;
                    &lt;!-- Brand and toggle --&gt;
                   

                    &lt;!-- Nav links for toggling --&gt;
                    &lt;div class="collapse navbar-collapse" id="navbar-brand-centered"&gt;
                        &lt;ul class="nav navbar-nav"&gt;
                            &lt;li class="dropdown"&gt;
                                &lt;a href="#" class="dropdown-toggle" data-toggle="dropdown"&gt;Selenium
					  &lt;b class="caret"&gt;&lt;/b&gt;&lt;/a&gt;
                                &lt;ul class="dropdown-menu"&gt;
                                    &lt;li&gt;&lt;a href="../../test/flash-testing.html"&gt;Flash Movie Demo&lt;/a&gt;&lt;/li&gt;
                                    &lt;li&gt;&lt;a href="../../test/radio.html"&gt;Radio &amp; Checkbox Demo&lt;/a&gt;&lt;/li&gt; 
                                    &lt;li&gt;&lt;a href="../../test/table.html"&gt;Table Demo&lt;/a&gt;&lt;/li&gt; 
                                    &lt;li&gt;&lt;a href="../../test/link.html"&gt;Accessing Link&lt;/a&gt;&lt;/li&gt;
                                    &lt;li&gt;&lt;a href="../../test/ajax.html"&gt;Ajax Demo&lt;/a&gt;&lt;/li&gt;
                                    &lt;li&gt;&lt;a href="../../test/block.html"&gt;Inside &amp; Outside Block Level Tag&lt;/a&gt;&lt;/li&gt;
                                    &lt;li&gt;&lt;a href="../../test/delete_customer.php"&gt;Delete Customer Form&lt;/a&gt;&lt;/li&gt;
                                    &lt;li&gt;&lt;a href="../../test/yahoo.html"&gt;Yahoo&lt;/a&gt;&lt;/li&gt;
                                    &lt;li&gt;&lt;a href="../../test/tooltip.html" &gt;Tooltip&lt;/a&gt;&lt;/li&gt;
                                    &lt;li&gt;&lt;a href="../../test/upload/" &gt;File Upload&lt;/a&gt;&lt;/li&gt;
                                    &lt;li&gt;&lt;a href="../../test/login.html" &gt;Login&lt;/a&gt;&lt;/li&gt;
                                    &lt;li&gt;&lt;a href="../../test/social-icon.html" &gt;Social Icon&lt;/a&gt;&lt;/li&gt;
                                    &lt;li&gt;&lt;a href="../../test/autoit.html" &gt;Selenium Auto IT&lt;/a&gt;&lt;/li&gt;
                                    &lt;li&gt;&lt;a href="../../test/facebook.html" &gt;Selenium IDE Test&lt;/a&gt;&lt;/li&gt;
                                    &lt;li&gt;&lt;a href="../../test/guru99home/"&gt;Guru99 Demo Page&lt;/a&gt;&lt;/li&gt;
                                    &lt;li&gt;&lt;a href="../../test/guru99home/scrolling.html"&gt;Scrollbar Demo&lt;/a&gt;&lt;/li&gt;
                                    &lt;li&gt;&lt;a href="../../test/image_upload/"&gt;File Upload using Sikuli Demo&lt;/a&gt;&lt;/li&gt;
                                    &lt;li&gt;&lt;a href="../../test/cookie/selenium_aut.php"&gt;Cookie Handling Demo&lt;/a&gt;&lt;/li&gt;
                                    &lt;li&gt;&lt;a href="../../test/drag_drop.html" &gt;Drag and Drop Action&lt;/a&gt;&lt;/li&gt;
                                    &lt;li&gt;&lt;a href="../../test/" &gt;Selenium DatePicker Demo&lt;/a&gt;&lt;/li&gt;
                                &lt;/ul&gt;
                            &lt;/li&gt;
                            &lt;li class="dropdown"&gt;
                                                                                                                                          
                             &lt;/li&gt;
                             &lt;li class="dropdown"&gt;
                                 &lt;a href="http://demo.guru99.com/insurance/v1/index.php"&gt;Insurance Project&lt;/a&gt;                             &lt;/li&gt;
                             &lt;li class="dropdown"&gt;
                               &lt;a href="http://demo.guru99.com/Agile_Project/Agi_V1/"&gt;Agile Project&lt;/a&gt;
                                
                            &lt;/li&gt;
                             &lt;li class="dropdown"&gt;
                                 &lt;a href="http://demo.guru99.com/V1/index.php"&gt;Bank Project&lt;/a&gt;                                                                 
                                    
                                         
                            &lt;/li&gt;
                            &lt;li class="dropdown"&gt;&lt;a href="http://demo.guru99.com/Security/SEC_V1/index.php"&gt;Security Project&lt;/a&gt;&lt;/li&gt;                            
                            &lt;li class="dropdown"&gt; 
                                                       &lt;/li&gt;
                           &lt;li class="dropdown"&gt;&lt;a href="http://demo.guru99.com/telecom/index.html"&gt;Telecom Project&lt;/a&gt;&lt;/li&gt;
                           
                           &lt;li class="dropdown"&gt;&lt;a href="http://demo.guru99.com/payment-gateway/index.php"&gt;Payment Gateway Project&lt;/a&gt;&lt;/li&gt;
                           
                           &lt;li class="dropdown"&gt;&lt;a href="http://demo.guru99.com/test/newtours/"&gt;New Tours&lt;/a&gt;&lt;/li&gt;
                           
                           &lt;li class="dropdown"&gt;
                                &lt;a href="#" class="dropdown-toggle" data-toggle="dropdown" style="font-size: 14px;"&gt;SEO
					            &lt;b class="caret"&gt;&lt;/b&gt;&lt;/a&gt;
                                &lt;ul class="dropdown-menu" style="font-size: 15px;"&gt;
                                   &lt;li&gt;&lt;a href="http://demo.guru99.com/seo/page-1.html"&gt;Page-1&lt;/a&gt;&lt;/li&gt;
                                   &lt;li&gt;&lt;a href="http://demo.guru99.com/seo/page-2.html"&gt;Page-2&lt;/a&gt;&lt;/li&gt;
                                   &lt;li&gt;&lt;a href="http://demo.guru99.com/seo/page-3.html"&gt;Page-3&lt;/a&gt;&lt;/li&gt;
                 ... (set the log level to DEBUG or TRACE to see the full content) 
 </msg>
<msg timestamp="20231019 12:58:48.156" level="INFO">C:\Users\mitbu\AppData\Local\Programs\Python\Python311\Lib\site-packages\urllib3\connectionpool.py:1095: InsecureRequestWarning: Unverified HTTPS request is being made to host 'demo.guru99.com'. Adding certificate verification is strongly advised. See: https://urllib3.readthedocs.io/en/latest/advanced-usage.html#tls-warnings
  warnings.warn(</msg>
<msg timestamp="20231019 12:58:48.156" level="INFO">${RESPOSTA} = &lt;Response [200]&gt;</msg>
<status status="PASS" starttime="20231019 12:58:47.953" endtime="20231019 12:58:48.156"/>
</kw>
<kw name="Log" library="BuiltIn">
<arg>${RESPOSTA.text}</arg>
<doc>Logs the given message with the given level.</doc>
<msg timestamp="20231019 12:58:48.157" level="INFO">
&lt;html&gt;
&lt;head&gt;
&lt;meta name="robots" content="noindex, nofollow"/&gt;
&lt;title&gt;Welcome: Mercury Tours&lt;/title&gt;
&lt;script language="JavaScript"&gt;
function changeStyle(obj, new_style) {
obj.className = new_style
}
&lt;/script&gt;
&lt;link href="../css/bootstrap.min.css" rel="stylesheet"&gt;

    &lt;link href="../css/main.css" rel="stylesheet"&gt;
    &lt;link href="../css/custom.css" rel="stylesheet"&gt;
    &lt;link href="../css/slider-cars.css" rel="stylesheet"&gt;
    &lt;link href="../css/home-bar.css" rel="stylesheet"&gt;



&lt;style type="text/css"&gt;
.menu {
BACKGROUND-COLOR: white; BORDER-BOTTOM: COLOR: menutext; CURSOR: default; FONT-FAMILY: MS Sans Serif; FONT-SIZE: 10pt; LINE-HEIGHT: 100%; POSITION: absolute; VISIBILITY: hidden
}
.visibleMenu {
BORDER-BOTTOM: COLOR: menutext; CURSOR: default; FONT-FAMILY: MS Sans Serif; FONT-SIZE: 10pt; LINE-HEIGHT: 100%; POSITION: absolute; VISIBILITY: visible
}
.menuItem {
POSITION: relative; COLOR: menutext; TEXT-DECORATION: none
}
.menuItemOver {
POSITION: relative; COLOR: highlighttext; TEXT-DECORATION: none
}
.menuItemOver A {
POSITION: relative; COLOR: highlighttext; CURSOR: default; TEXT-DECORATION: none
}
.menuItem A {
POSITION: relative; COLOR: menutext; CURSOR: default; TEXT-DECORATION: none
}
.more {
FONT-FAMILY: WebDings; POSITION: relative; TEXT-ALIGN: right; Z-INDEX: 100
}
.mouseOut {BACKGROUND: orange; FONT-Weight: bold;FONT-FAMILY: Helvetica; FONT-SIZE: 8pt;align="center"}
.mouseOver {BACKGROUND: "#FFC455"; FONT-Weight: bold;FONT-FAMILY: Helvetica; FONT-SIZE: 8pt; align="center"}

.footer {
    color: #000;
    background: #FFF;
    padding-top: 0px;
    padding-bottom: 0px;
    margin-bottom: 0px;
    line-height: 0px;
    margin-top: 0px;
}
&lt;/style&gt;&lt;/head&gt;
&lt;body&gt;
    
    &lt;head&gt;
&lt;meta name="robots" content="noindex, nofollow"/&gt;


&lt;/head&gt;
&lt;!-- Global site tag (gtag.js) - Google Analytics --&gt;
&lt;script async src="https://www.googletagmanager.com/gtag/js?id=UA-1248015-24"&gt;&lt;/script&gt;
&lt;script&gt;
  window.dataLayer = window.dataLayer || [];
  function gtag(){dataLayer.push(arguments);}
  gtag('js', new Date());

  gtag('config', 'UA-1248015-24');
&lt;/script&gt;  

 &lt;div class="container-fluid"&gt;
        &lt;!-- Top logo --&gt;
        &lt;div class="row topper"&gt;
            &lt;div class="col-md-2 header-section"&gt;
                &lt;div class="logo"&gt;
                    &lt;a href="https://www.guru99.com/" title="Home" rel="home" style="border: medium none;"&gt; &lt;img  src="/logo.png" alt="Guru99 Demo Sites" role="presentation"&gt; &lt;/a&gt;&lt;br/&gt;
                    &lt;div id="site-name" class="site-name" style="text-align: center;"&gt;&lt;a href="https://www.guru99.com/" title="Home" rel="home" style="font-size:32px;"&gt;Demo Site&lt;/a&gt;&lt;/div&gt;
                    
                   
                &lt;/div&gt;
                &lt;div id="name-and-slogan" style="padding-top: 0px;padding-left: 0px;"&gt;
                    &lt;div id="site-name" class="site-name"&gt;
                        
                        
                        
                    &lt;/div&gt;
                    
                &lt;/div&gt;
            &lt;/div&gt;
            &lt;div class="top-banner col-md-8"&gt;
               
 &lt;table style="margin-top:0px;border:1px solid black;" width="60%"&gt;
                            &lt;tr&gt;
                                &lt;td width="20%" style="text-align:center;"&gt;&lt;a href="https://www.guru99.com/software-testing.html"&gt;&lt;img src="https://demo.guru99.com/images/testing-logo-1.png" style="padding-bottom: 5px;"&gt;&lt;/a&gt;&lt;br/&gt;
                                &lt;a href="https://www.guru99.com/software-testing.html" style="font-size: 18px;"&gt;Testing&lt;/a&gt;&lt;/td&gt;
                                
                                &lt;td width="20%" style="border:1px solid black;text-align:center;"&gt;&lt;a href="https://www.guru99.com/selenium-tutorial.html"&gt;&lt;img src="https://demo.guru99.com/images/selenium-logo.jpg" style="padding-bottom: 5px;"&gt;&lt;/a&gt;&lt;br/&gt;
                                &lt;a href="https://www.guru99.com/selenium-tutorial.html" style="font-size: 18px;"&gt;Selenium&lt;/a&gt;&lt;/td&gt;
                                
                                &lt;td width="20%" style="border:1px solid black;text-align:center;"&gt;&lt;a href="https://www.guru99.com/live-projects.html"&gt;&lt;img src="https://demo.guru99.com/images/live-project-logo.png" style="padding-bottom: 5px;"&gt;&lt;/a&gt;&lt;br/&gt;
                                &lt;a href="https://www.guru99.com/live-projects.html" style="font-size: 18px;"&gt;Live Project&lt;/a&gt;&lt;/td&gt;
                                
                                &lt;td width="20%" style="text-align:center;"&gt;&lt;a href="https://www.guru99.com/java-tutorial.html"&gt;&lt;img src="https://demo.guru99.com/images/java-logo.png" style="padding-bottom: 5px;"&gt;&lt;/a&gt;&lt;br/&gt;
                                &lt;a href="https://www.guru99.com/java-tutorial.html" style="font-size: 18px;"&gt;Java&lt;/a&gt;&lt;/td&gt;
                            &lt;/tr&gt;
                        &lt;/table&gt;

 

             

            &lt;/div&gt;
        &lt;/div&gt;
        &lt;!-- End Top --&gt;
        
   
&lt;div class="row"&gt;
            &lt;nav class="navbar navbar-default" role="navigation"&gt;
                &lt;div class="container" style="padding-right: 0px;padding-left: 0px;"&gt;
                    &lt;!-- Brand and toggle --&gt;
                   

                    &lt;!-- Nav links for toggling --&gt;
                    &lt;div class="collapse navbar-collapse" id="navbar-brand-centered"&gt;
                        &lt;ul class="nav navbar-nav"&gt;
                            &lt;li class="dropdown"&gt;
                                &lt;a href="#" class="dropdown-toggle" data-toggle="dropdown"&gt;Selenium
					  &lt;b class="caret"&gt;&lt;/b&gt;&lt;/a&gt;
                                &lt;ul class="dropdown-menu"&gt;
                                    &lt;li&gt;&lt;a href="../../test/flash-testing.html"&gt;Flash Movie Demo&lt;/a&gt;&lt;/li&gt;
                                    &lt;li&gt;&lt;a href="../../test/radio.html"&gt;Radio &amp; Checkbox Demo&lt;/a&gt;&lt;/li&gt; 
                                    &lt;li&gt;&lt;a href="../../test/table.html"&gt;Table Demo&lt;/a&gt;&lt;/li&gt; 
                                    &lt;li&gt;&lt;a href="../../test/link.html"&gt;Accessing Link&lt;/a&gt;&lt;/li&gt;
                                    &lt;li&gt;&lt;a href="../../test/ajax.html"&gt;Ajax Demo&lt;/a&gt;&lt;/li&gt;
                                    &lt;li&gt;&lt;a href="../../test/block.html"&gt;Inside &amp; Outside Block Level Tag&lt;/a&gt;&lt;/li&gt;
                                    &lt;li&gt;&lt;a href="../../test/delete_customer.php"&gt;Delete Customer Form&lt;/a&gt;&lt;/li&gt;
                                    &lt;li&gt;&lt;a href="../../test/yahoo.html"&gt;Yahoo&lt;/a&gt;&lt;/li&gt;
                                    &lt;li&gt;&lt;a href="../../test/tooltip.html" &gt;Tooltip&lt;/a&gt;&lt;/li&gt;
                                    &lt;li&gt;&lt;a href="../../test/upload/" &gt;File Upload&lt;/a&gt;&lt;/li&gt;
                                    &lt;li&gt;&lt;a href="../../test/login.html" &gt;Login&lt;/a&gt;&lt;/li&gt;
                                    &lt;li&gt;&lt;a href="../../test/social-icon.html" &gt;Social Icon&lt;/a&gt;&lt;/li&gt;
                                    &lt;li&gt;&lt;a href="../../test/autoit.html" &gt;Selenium Auto IT&lt;/a&gt;&lt;/li&gt;
                                    &lt;li&gt;&lt;a href="../../test/facebook.html" &gt;Selenium IDE Test&lt;/a&gt;&lt;/li&gt;
                                    &lt;li&gt;&lt;a href="../../test/guru99home/"&gt;Guru99 Demo Page&lt;/a&gt;&lt;/li&gt;
                                    &lt;li&gt;&lt;a href="../../test/guru99home/scrolling.html"&gt;Scrollbar Demo&lt;/a&gt;&lt;/li&gt;
                                    &lt;li&gt;&lt;a href="../../test/image_upload/"&gt;File Upload using Sikuli Demo&lt;/a&gt;&lt;/li&gt;
                                    &lt;li&gt;&lt;a href="../../test/cookie/selenium_aut.php"&gt;Cookie Handling Demo&lt;/a&gt;&lt;/li&gt;
                                    &lt;li&gt;&lt;a href="../../test/drag_drop.html" &gt;Drag and Drop Action&lt;/a&gt;&lt;/li&gt;
                                    &lt;li&gt;&lt;a href="../../test/" &gt;Selenium DatePicker Demo&lt;/a&gt;&lt;/li&gt;
                                &lt;/ul&gt;
                            &lt;/li&gt;
                            &lt;li class="dropdown"&gt;
                                                                                                                                          
                             &lt;/li&gt;
                             &lt;li class="dropdown"&gt;
                                 &lt;a href="http://demo.guru99.com/insurance/v1/index.php"&gt;Insurance Project&lt;/a&gt;                             &lt;/li&gt;
                             &lt;li class="dropdown"&gt;
                               &lt;a href="http://demo.guru99.com/Agile_Project/Agi_V1/"&gt;Agile Project&lt;/a&gt;
                                
                            &lt;/li&gt;
                             &lt;li class="dropdown"&gt;
                                 &lt;a href="http://demo.guru99.com/V1/index.php"&gt;Bank Project&lt;/a&gt;                                                                 
                                    
                                         
                            &lt;/li&gt;
                            &lt;li class="dropdown"&gt;&lt;a href="http://demo.guru99.com/Security/SEC_V1/index.php"&gt;Security Project&lt;/a&gt;&lt;/li&gt;                            
                            &lt;li class="dropdown"&gt; 
                                                       &lt;/li&gt;
                           &lt;li class="dropdown"&gt;&lt;a href="http://demo.guru99.com/telecom/index.html"&gt;Telecom Project&lt;/a&gt;&lt;/li&gt;
                           
                           &lt;li class="dropdown"&gt;&lt;a href="http://demo.guru99.com/payment-gateway/index.php"&gt;Payment Gateway Project&lt;/a&gt;&lt;/li&gt;
                           
                           &lt;li class="dropdown"&gt;&lt;a href="http://demo.guru99.com/test/newtours/"&gt;New Tours&lt;/a&gt;&lt;/li&gt;
                           
                           &lt;li class="dropdown"&gt;
                                &lt;a href="#" class="dropdown-toggle" data-toggle="dropdown" style="font-size: 14px;"&gt;SEO
					            &lt;b class="caret"&gt;&lt;/b&gt;&lt;/a&gt;
                                &lt;ul class="dropdown-menu" style="font-size: 15px;"&gt;
                                   &lt;li&gt;&lt;a href="http://demo.guru99.com/seo/page-1.html"&gt;Page-1&lt;/a&gt;&lt;/li&gt;
                                   &lt;li&gt;&lt;a href="http://demo.guru99.com/seo/page-2.html"&gt;Page-2&lt;/a&gt;&lt;/li&gt;
                                   &lt;li&gt;&lt;a href="http://demo.guru99.com/seo/page-3.html"&gt;Page-3&lt;/a&gt;&lt;/li&gt;
                                   &lt;li&gt;&lt;a href="http://demo.guru99.com/seo/page-4.html"&gt;Page-4&lt;/a&gt;&lt;/li&gt;
                                   &lt;li&gt;&lt;a href="http://demo.guru99.com/seo/page-5.html"&gt;Page-5&lt;/a&gt;&lt;/li&gt;
                                   &lt;li&gt;&lt;a href="http://demo.guru99.com/seo/page-6.html"&gt;Page-6&lt;/a&gt;&lt;/li&gt;
                                &lt;/ul&gt;
                            &lt;/li&gt;
                        &lt;/ul&gt;
                       
                        
                    &lt;/div&gt;
                    &lt;!-- /.navbar-collapse --&gt;
                &lt;/div&gt;
                &lt;!-- /.container-fluid --&gt;
            &lt;/nav&gt;
        &lt;/div&gt;
     &lt;/div&gt;
     
&lt;div style="margin-left:20px;"&gt;
&lt;table border="0" height="100%" cellpadding="0" cellspacing="0"&gt;
  &lt;tr&gt;
    &lt;td valign="top" bgcolor="#003366"&gt;      &lt;table border="0" cellpadding="0" cellspacing="0" &gt;
    &lt;td valign="top" halign="center" bgcolor="#003366"&gt;

&lt;!--NAVIGATION BAR REGION START--&gt;
&lt;table width="110" border="0" cellspacing="0" cellpadding="8" align="center"&gt;
&lt;tr valign="top"&gt;
&lt;td&gt;
&lt;p align="center"&gt;&lt;img src="images/logo.gif" width="100" height="110" alt="Mercury Tours"&gt;&lt;br&gt;	  &lt;/p&gt;
&lt;table border="2" cellspacing="0" cellpadding="2" align="center" bordercolor="#000000" &gt;
&lt;tr class=mouseOut onMouseOut="changeStyle(this, 'mouseOut')" onMouseOver="changeStyle(this, 'mouseOver')"&gt;
&lt;td width="20" height="19"&gt;&lt;/a&gt;&lt;/td&gt;
&lt;td  width="80" height="19" bgcolor="#FFC455" &gt;&lt;font color="#000000"&gt;&lt;a href="index.php"  style="margin-left: 5px;color: #0000ee;text-decoration: underline;"&gt;Home&lt;/a&gt;&lt;/font&gt;&lt;/td&gt;
&lt;/tr&gt;
&lt;tr class=mouseOut onMouseOut="changeStyle(this, 'mouseOut')" onMouseOver="changeStyle(this, 'mouseOver')"&gt;
&lt;td width="20" height="19"&gt;&lt;/a&gt;&lt;/td&gt;
&lt;td  width="80" height="19" bgcolor="#FFC455" &gt;&lt;a href="reservation.php" style="margin-left: 5px;color: #0000ee;text-decoration: underline;"&gt;Flights&lt;/a&gt;&lt;/td&gt;&lt;/tr&gt;

&lt;tr class=mouseOut onMouseOut="changeStyle(this, 'mouseOut')" onMouseOver="changeStyle(this, 'mouseOver')"&gt;
&lt;td width="20" height="19"&gt;&lt;/a&gt;&lt;/td&gt;
&lt;td  width="80" height="19" bgcolor="#FFC455" &gt;&lt;a href="support.php" style="margin-left: 5px;color: #0000ee;text-decoration: underline;"&gt;Hotels&lt;/a&gt;&lt;/td&gt;
&lt;/tr&gt;
&lt;tr class=mouseOut onMouseOut="changeStyle(this, 'mouseOut')" onMouseOver="changeStyle(this, 'mouseOver')"&gt;
&lt;td width="20" height="19"&gt;&lt;/a&gt;&lt;/td&gt;
&lt;td  width="80" height="19" bgcolor="#FFC455"&gt;&lt;font color="#000000"&gt;&lt;a href="support.php" style="margin-left: 5px;color: #0000ee;text-decoration: underline;"&gt;Car Rentals&lt;/a&gt;&lt;/font&gt;&lt;/td&gt;
&lt;/tr&gt;
&lt;tr class=mouseOut onMouseOut="changeStyle(this, 'mouseOut')" onMouseOver="changeStyle(this, 'mouseOver')"&gt;
&lt;td width="20" height="19"&gt;&lt;/a&gt;&lt;/td&gt;
&lt;td width="80" height="19" bgcolor="#FFC455"&gt;&lt;a href="index.php" style="margin-left: 5px;color: #0000ee;text-decoration: underline;"&gt;Cruises&lt;/a&gt;&lt;/td&gt;
&lt;/tr&gt;
&lt;tr class=mouseOut onMouseOut="changeStyle(this, 'mouseOut')" onMouseOver="changeStyle(this, 'mouseOver')"&gt;
&lt;td width="20" height="19"&gt;&lt;/a&gt;&lt;/td&gt;

&lt;td  width="80" height="19" bgcolor="#FFC455"&gt;&lt;a href="support.php" style="margin-left: 5px;color: #0000ee;text-decoration: underline;"&gt;Destinations&lt;/a&gt;&lt;/td&gt;
&lt;/tr&gt;
&lt;tr class=mouseOut onMouseOut="changeStyle(this, 'mouseOut')" onMouseOver="changeStyle(this, 'mouseOver')"&gt;
&lt;td width="20" height="19"&gt;&lt;/a&gt;&lt;/td&gt;
&lt;td  width="80" height="19" bgcolor="#FFC455" height="18"&gt;&lt;a href="support.php" style="margin-left: 5px;color: #0000ee;text-decoration: underline;"&gt;Vacations&lt;/a&gt;&lt;/td&gt;
&lt;/table&gt;
&lt;p align="center"&gt;&lt;img src="images/html.gif" width="100" height="61" border="0"&gt;
&lt;font face="Arial, Helvetica, sans-serif" color=white size="1"&gt;&lt;u&gt;Use Java Version&lt;/u&gt;&lt;/font&gt;&lt;/p&gt;
&lt;p align="center"&gt;&lt;img src="images/boxad1.gif" width="88" height="78"&gt;&lt;/p&gt;
&lt;/tr&gt;
&lt;/table&gt;

&lt;!--NAVIGATION BAR REGION END--&gt;

    &lt;/td&gt;
		&lt;/table&gt;
    &lt;/td&gt;
    &lt;td valign="top"&gt;
      &lt;table border="0" cellpadding="0" cellspacing="0"&gt;
        &lt;tr&gt;
          &lt;td bgcolor="#003366" height="63"&gt;

&lt;!--AD REGION START--&gt;
&lt;img src="images/banner2.gif" width="488" height="63" border="0" hspace="8" vspace="4"&gt;

&lt;!--AD REGION END--&gt;

          &lt;/td&gt;
       &lt;/tr&gt;
      &lt;tr&gt;
        &lt;td height="16" bgcolor="#FF9900" align="right"&gt;



&lt;!--HEADER REGION START--&gt;
&lt;table  border="1" bordercolor="#000000" cellpadding="0" cellspacing="0" height=" 16" background =" black"&gt;
  &lt;tr&gt;

    &lt;td class=mouseOut width="67" height="33" align="center" onMouseOut="changeStyle(this, 'mouseOut')" onMouseOver="changeStyle(this, 'mouseOver')"&gt;&lt;a href="login.php" style="color: #0000ee;text-decoration: underline;"&gt;SIGN-ON&lt;/a&gt;&lt;/td&gt;
    &lt;td class=mouseOut width="77" height="33" align="center" onMouseOut="changeStyle(this, 'mouseOut')" onMouseOver="changeStyle(this, 'mouseOver')"&gt;&lt;a href="register.php" style="color: #0000ee;text-decoration: underline;"&gt;REGISTER&lt;/a&gt;&lt;/td&gt;
    &lt;td class=mouseOut width="73" height="33" align="center" onMouseOut="changeStyle(this, 'mouseOut')" onMouseOver="changeStyle(this, 'mouseOver')"&gt;&lt;a href="support.php" style="color: #0000ee;text-decoration: underline;"&gt;SUPPORT&lt;/a&gt;&lt;/td&gt;
    &lt;td class=mouseOut width="74" height="33" align="center" onMouseOut="changeStyle(this, 'mouseOut')" onMouseOver="changeStyle(this, 'mouseOver')"&gt;&lt;a href="support.php" style="color: #0000ee;text-decoration: underline;" &gt;CONTACT&lt;/a&gt;&lt;/td&gt;
  &lt;/tr&gt;
&lt;/table&gt;

&lt;!--HEADER REGION END--&gt;

        &lt;/td&gt;
      &lt;/tr&gt;
      &lt;tr&gt;
        &lt;td height="14"  align="right"&gt;



&lt;!--Space REGION START--&gt;

&lt;!--Space REGION END--&gt;

        &lt;/td&gt;

      &lt;/tr&gt;
      &lt;tr&gt;
        &lt;td&gt;

&lt;!--CONTENT REGION START--&gt;
[...]
<arg>${CMP_PostalCode}</arg>
<arg>${CEP}</arg>
<doc>Types the given ``text`` into the text field identified by ``locator``.</doc>
<msg timestamp="20231019 12:59:30.909" level="INFO">Typing text '3435545' into text field 'xpath=//input[contains(@name,'postalCode')]'.</msg>
<status status="PASS" starttime="20231019 12:59:30.909" endtime="20231019 12:59:30.956"/>
</kw>
<kw name="Click Element" library="SeleniumLibrary">
<arg>${BTN_Country}</arg>
<doc>Click the element identified by ``locator``.</doc>
<msg timestamp="20231019 12:59:30.956" level="INFO">Clicking element 'xpath=//select[contains(@name,'country')]'.</msg>
<status status="PASS" starttime="20231019 12:59:30.956" endtime="20231019 12:59:31.001"/>
</kw>
<kw name="Wait Until Element Is Visible" library="SeleniumLibrary">
<arg>xpath=//option[@value][contains(.,'${Pais}')]</arg>
<doc>Waits until the element ``locator`` is visible.</doc>
<status status="PASS" starttime="20231019 12:59:31.001" endtime="20231019 12:59:31.015"/>
</kw>
<kw name="Click Element" library="SeleniumLibrary">
<arg>xpath=//option[@value][contains(.,'${Pais}')]</arg>
<doc>Click the element identified by ``locator``.</doc>
<msg timestamp="20231019 12:59:31.016" level="INFO">Clicking element 'xpath=//option[@value][contains(.,'BRAZIL')]'.</msg>
<status status="PASS" starttime="20231019 12:59:31.016" endtime="20231019 12:59:31.033"/>
</kw>
<status status="PASS" starttime="20231019 12:59:30.773" endtime="20231019 12:59:31.033"/>
</kw>
<kw name="Preenche os campos de User Information com o user name &quot;UserNameTeste&quot;, password &quot;&quot;, confirm password &quot;&quot; e seleciona enviar" library="RegisterPage" sourcename="Preenche os campos de User Information com o user name &quot;${UserName}&quot;, password &quot;${Password}&quot;, confirm password &quot;${PasswordConfirm}&quot; e seleciona enviar">
<kw name="Input Text" library="SeleniumLibrary">
<arg>${CMP_UserName}</arg>
<arg>${UserName}</arg>
<doc>Types the given ``text`` into the text field identified by ``locator``.</doc>
<msg timestamp="20231019 12:59:31.095" level="INFO">Typing text 'UserNameTeste' into text field 'xpath=//input[@name='userName']'.</msg>
<status status="PASS" starttime="20231019 12:59:31.095" endtime="20231019 12:59:31.170"/>
</kw>
<kw name="Sleep" library="BuiltIn">
<arg>5</arg>
<doc>Pauses the test executed for the given time.</doc>
<msg timestamp="20231019 12:59:36.171" level="INFO">Slept 5 seconds</msg>
<status status="PASS" starttime="20231019 12:59:31.171" endtime="20231019 12:59:36.171"/>
</kw>
<kw name="Input Password" library="SeleniumLibrary">
<arg>${CMP_Password}</arg>
<arg>${Password}</arg>
<doc>Types the given password into the text field identified by ``locator``.</doc>
<msg timestamp="20231019 12:59:36.171" level="INFO">Typing password into text field 'xpath=//input[contains(@name,'password')]'.</msg>
<msg timestamp="20231019 12:59:36.189" level="INFO">Temporally setting log level to: NONE</msg>
<msg timestamp="20231019 12:59:36.211" level="INFO">Log level changed from NONE to INFO.</msg>
<status status="PASS" starttime="20231019 12:59:36.171" endtime="20231019 12:59:36.211"/>
</kw>
<kw name="Input Password" library="SeleniumLibrary">
<arg>${CMP_ConfPassword}</arg>
<arg>${PasswordConfirm}</arg>
<doc>Types the given password into the text field identified by ``locator``.</doc>
<msg timestamp="20231019 12:59:36.211" level="INFO">Typing password into text field 'xpath=//input[contains(@name,'confirmPassword')]'.</msg>
<msg timestamp="20231019 12:59:36.228" level="INFO">Temporally setting log level to: NONE</msg>
<msg timestamp="20231019 12:59:36.248" level="INFO">Log level changed from NONE to INFO.</msg>
<status status="PASS" starttime="20231019 12:59:36.211" endtime="20231019 12:59:36.248"/>
</kw>
<kw name="Click Element" library="SeleniumLibrary">
<arg>${BTN_Enviar}</arg>
<doc>Click the element identified by ``locator``.</doc>
<msg timestamp="20231019 12:59:36.248" level="INFO">Clicking element 'xpath=//input[contains(@name,'submit')]'.</msg>
<status status="PASS" starttime="20231019 12:59:36.248" endtime="20231019 12:59:37.589"/>
</kw>
<status status="PASS" starttime="20231019 12:59:31.095" endtime="20231019 12:59:37.589"/>
</kw>
<kw name="Exibe mensagem de erro" library="RegisterPage">
<kw name="Wait Until Page Contains" library="SeleniumLibrary">
<arg>Mensagem de Erro</arg>
<doc>Waits until ``text`` appears on the current page.</doc>
<msg timestamp="20231019 12:59:47.812" level="INFO" html="true">&lt;/td&gt;&lt;/tr&gt;&lt;tr&gt;&lt;td colspan="3"&gt;&lt;a href="selenium-screenshot-4.png"&gt;&lt;img src="selenium-screenshot-4.png" width="800px"&gt;&lt;/a&gt;</msg>
<msg timestamp="20231019 12:59:47.812" level="FAIL">Text 'Mensagem de Erro' did not appear in 10 seconds.</msg>
<status status="FAIL" starttime="20231019 12:59:37.590" endtime="20231019 12:59:47.904"/>
</kw>
<status status="FAIL" starttime="20231019 12:59:37.590" endtime="20231019 12:59:47.905"/>
</kw>
<kw name="Fechar navegador" library="setup" type="TEARDOWN">
<kw name="Close Browser" library="SeleniumLibrary">
<doc>Closes the current browser.</doc>
<status status="PASS" starttime="20231019 12:59:47.906" endtime="20231019 12:59:50.037"/>
</kw>
<status status="PASS" starttime="20231019 12:59:47.906" endtime="20231019 12:59:50.037"/>
</kw>
<doc>Realiza um registro sem preemcher os campos obrigatorios</doc>
<tag>CamposObrigatiros</tag>
<tag>TesteRegisterPage</tag>
<tag>Todos</tag>
<status status="FAIL" starttime="20231019 12:59:24.776" endtime="20231019 12:59:50.039">Text 'Mensagem de Erro' did not appear in 10 seconds.</status>
</test>
<test id="s1-s3-t3" name="@Cenario03" line="31">
<kw name="Abrir navegador" library="setup" type="SETUP">
<kw name="Create Dictionary" library="BuiltIn">
<var>${prefs}</var>
<arg>download.default_directory=${OUTPUTDIR}${/}documentos</arg>
<doc>Creates and returns a dictionary based on the given ``items``.</doc>
<msg timestamp="20231019 12:59:50.045" level="INFO">${prefs} = {'download.default_directory': 'C:\\Users\\mitbu\\Documents\\CedroTechRobot\\results\\documentos'}</msg>
<status status="PASS" starttime="20231019 12:59:50.044" endtime="20231019 12:59:50.045"/>
</kw>
<kw name="Open Browser" library="SeleniumLibrary">
<arg>about:blank</arg>
<arg>${BROWSER}</arg>
<arg>options=${OPTIONS}; add_experimental_option('prefs', ${prefs})</arg>
<doc>Opens a new browser instance to the optional ``url``.</doc>
<msg timestamp="20231019 12:59:50.045" level="INFO">Opening browser 'Chrome' to base url 'about:blank'.</msg>
<status status="PASS" starttime="20231019 12:59:50.045" endtime="20231019 12:59:51.286"/>
</kw>
<kw name="Maximize Browser Window" library="SeleniumLibrary">
<doc>Maximizes current browser window.</doc>
<status status="PASS" starttime="20231019 12:59:51.286" endtime="20231019 12:59:51.397"/>
</kw>
<kw name="Set Selenium Timeout" library="SeleniumLibrary">
<arg>10 seconds</arg>
<doc>Sets the timeout that is used by various keywords.</doc>
<status status="PASS" starttime="20231019 12:59:51.397" endtime="20231019 12:59:51.398"/>
</kw>
<status status="PASS" starttime="20231019 12:59:50.044" endtime="20231019 12:59:51.398"/>
</kw>
<kw name="Acessar a Home Page da Guru99" library="setup">
<kw name="Go To" library="SeleniumLibrary">
<arg>${URL_HOMEPAGE}</arg>
<doc>Navigates the current browser window to the provided ``url``.</doc>
<msg timestamp="20231019 12:59:51.399" level="INFO">Opening url 'https://demo.guru99.com/test/newtours/'</msg>
<status status="PASS" starttime="20231019 12:59:51.399" endtime="20231019 12:59:54.448"/>
</kw>
<status status="PASS" starttime="20231019 12:59:51.398" endtime="20231019 12:59:54.448"/>
</kw>
<kw name="Seleciona a opção no menu superior &quot;REGISTER&quot;" library="HomePage" sourcename="Seleciona a opção no menu superior &quot;${Menu_Superior}&quot;">
<kw name="Click Element" library="SeleniumLibrary">
<arg>xpath=//a[normalize-space()='${Menu_Superior}']</arg>
<doc>Click the element identified by ``locator``.</doc>
<msg timestamp="20231019 12:59:54.449" level="INFO">Clicking element 'xpath=//a[normalize-space()='REGISTER']'.</msg>
<status status="PASS" starttime="20231019 12:59:54.448" endtime="20231019 12:59:54.904"/>
</kw>
<kw name="Wait Until Element Is Visible" library="SeleniumLibrary">
<arg>xpath=//img[contains(@src,'register.gif')]</arg>
<doc>Waits until the element ``locator`` is visible.</doc>
<status status="PASS" starttime="20231019 12:59:54.904" endtime="20231019 12:59:54.917"/>
</kw>
<status status="PASS" starttime="20231019 12:59:54.448" endtime="20231019 12:59:54.917"/>
</kw>
<kw name="Preenche os campos de Contact information com o nome &quot;Robson&quot;, sobre nome &quot;Fernades&quot;, telefone &quot;992345555&quot; e email &quot;robinho@teste.com&quot;" library="RegisterPage" sourcename="Preenche os campos de Contact information com o nome &quot;${Nome}&quot;, sobre nome &quot;${Sobrenome}&quot;, telefone &quot;${Telefone}&quot; e email &quot;${Email}&quot;">
<kw name="Title Should Be" library="SeleniumLibrary">
<arg>Register: Mercury Tours</arg>
<doc>Verifies that the current page title equals ``title``.</doc>
<msg timestamp="20231019 12:59:54.921" level="INFO">Page title is 'Register: Mercury Tours'.</msg>
<status status="PASS" starttime="20231019 12:59:54.918" endtime="20231019 12:59:54.921"/>
</kw>
<kw name="Wait Until Element Is Visible" library="SeleniumLibrary">
<arg>${CMP_FirstName}</arg>
<doc>Waits until the element ``locator`` is visible.</doc>
<status status="PASS" starttime="20231019 12:59:54.921" endtime="20231019 12:59:54.932"/>
</kw>
<kw name="Input Text" library="SeleniumLibrary">
<arg>${CMP_FirstName}</arg>
<arg>${Nome}</arg>
<doc>Types the given ``text`` into the text field identified by ``locator``.</doc>
<msg timestamp="20231019 12:59:54.932" level="INFO">Typing text 'Robson' into text field 'xpath=//input[contains(@name,'firstName')]'.</msg>
<status status="PASS" starttime="20231019 12:59:54.932" endtime="20231019 12:59:54.987"/>
</kw>
<kw name="Input Text" library="SeleniumLibrary">
<arg>${CMP_LastName}</arg>
<arg>${Sobrenome}</arg>
<doc>Types the given ``text`` into the text field identified by ``locator``.</doc>
<msg timestamp="20231019 12:59:54.987" level="INFO">Typing text 'Fernades' into text field 'xpath=//input[contains(@name,'lastName')]'.</msg>
<status status="PASS" starttime="20231019 12:59:54.987" endtime="20231019 12:59:55.040"/>
</kw>
<kw name="Input Text" library="SeleniumLibrary">
<arg>${CMP_Phone}</arg>
<arg>${Telefone}</arg>
<doc>Types the given ``text`` into the text field identified by ``locator``.</doc>
<msg timestamp="20231019 12:59:55.041" level="INFO">Typing text '992345555' into text field 'xpath=//input[contains(@name,'phone')]'.</msg>
<status status="PASS" starttime="20231019 12:59:55.040" endtime="20231019 12:59:55.093"/>
</kw>
<kw name="Input Text" library="SeleniumLibrary">
<arg>${CMP_Email}</arg>
<arg>${Email}</arg>
<doc>Types the given ``text`` into the text field identified by ``locator``.</doc>
<msg timestamp="20231019 12:59:55.094" level="INFO">Typing text 'robinho@teste.com' into text field 'xpath=//input[contains(@name,'userName')]'.</msg>
<status status="PASS" starttime="20231019 12:59:55.093" endtime="20231019 12:59:55.163"/>
</kw>
<status status="PASS" starttime="20231019 12:59:54.918" endtime="20231019 12:59:55.163"/>
</kw>
<kw name="Preenche os campos de Mailing Information com endereço &quot;Rua teste&quot;, cidade &quot;teste&quot;, estado &quot;teste&quot;, CEP &quot;3435545&quot; e seleciona o pais &quot;BRAZIL&quot;" library="RegisterPage" sourcename="Preenche os campos de Mailing Information com endereço &quot;${Endereco}&quot;, cidade &quot;${Cidade}&quot;, estado &quot;${Estado}&quot;, CEP &quot;${CEP}&quot; e seleciona o pais &quot;${Pais}&quot;">
<kw name="Input Text" library="SeleniumLibrary">
<arg>${CMP_Adderes}</arg>
<arg>${Endereco}</arg>
<doc>Types the given ``text`` into the text field identified by ``locator``.</doc>
<msg timestamp="20231019 12:59:55.164" level="INFO">Typing text 'Rua teste' into text field 'xpath=//input[contains(@name,'address1')]'.</msg>
<status status="PASS" starttime="20231019 12:59:55.164" endtime="20231019 12:59:55.215"/>
</kw>
<kw name="Input Text" library="SeleniumLibrary">
<arg>${CMP_City}</arg>
<arg>${Cidade}</arg>
<doc>Types the given ``text`` into the text field identified by ``locator``.</doc>
<msg timestamp="20231019 12:59:55.216" level="INFO">Typing text 'teste' into text field 'xpath=//input[contains(@name,'city')]'.</msg>
<status status="PASS" starttime="20231019 12:59:55.216" endtime="20231019 12:59:55.262"/>
</kw>
<kw name="Input Text" library="SeleniumLibrary">
<arg>${CMP_State}</arg>
<arg>${Estado}</arg>
<doc>Types the given ``text`` into the text field identified by ``locator``.</doc>
<msg timestamp="20231019 12:59:55.262" level="INFO">Typing text 'teste' into text field 'xpath=//input[contains(@name,'state')]'.</msg>
<status status="PASS" starttime="20231019 12:59:55.262" endtime="20231019 12:59:55.310"/>
</kw>
<kw name="Input Text" library="SeleniumLibrary">
<arg>${CMP_PostalCode}</arg>
<arg>${CEP}</arg>
<doc>Types the given ``text`` into the text field identified by ``locator``.</doc>
<msg timestamp="20231019 12:59:55.310" level="INFO">Typing text '3435545' into text field 'xpath=//input[contains(@name,'postalCode')]'.</msg>
<status status="PASS" starttime="20231019 12:59:55.310" endtime="20231019 12:59:55.360"/>
</kw>
<kw name="Click Element" library="SeleniumLibrary">
<arg>${BTN_Country}</arg>
<doc>Click the element identified by ``locator``.</doc>
<msg timestamp="20231019 12:59:55.360" level="INFO">Clicking element 'xpath=//select[contains(@name,'country')]'.</msg>
<status status="PASS" starttime="20231019 12:59:55.360" endtime="20231019 12:59:55.397"/>
</kw>
<kw name="Wait Until Element Is Visible" library="SeleniumLibrary">
<arg>xpath=//option[@value][contains(.,'${Pais}')]</arg>
<doc>Waits until the element ``locator`` is visible.</doc>
<status status="PASS" starttime="20231019 12:59:55.397" endtime="20231019 12:59:55.411"/>
</kw>
<kw name="Click Element" library="SeleniumLibrary">
<arg>xpath=//option[@value][contains(.,'${Pais}')]</arg>
<doc>Click the element identified by ``locator``.</doc>
<msg timestamp="20231019 12:59:55.412" level="INFO">Clicking element 'xpath=//option[@value][contains(.,'BRAZIL')]'.</msg>
<status status="PASS" starttime="20231019 12:59:55.411" endtime="20231019 12:59:55.429"/>
</kw>
<status status="PASS" starttime="20231019 12:59:55.164" endtime="20231019 12:59:55.429"/>
</kw>
<kw name="Preenche os campos de User Information com o user name &quot;UserNameTeste&quot;, password &quot;12345678&quot;, confirm password &quot;87654321&quot; e seleciona enviar" library="RegisterPage" sourcename="Preenche os campos de User Information com o user name &quot;${UserName}&quot;, password &quot;${Password}&quot;, confirm password &quot;${PasswordConfirm}&quot; e seleciona enviar">
<kw name="Input Text" library="SeleniumLibrary">
<arg>${CMP_UserName}</arg>
<arg>${UserName}</arg>
<doc>Types the given ``text`` into the text field identified by ``locator``.</doc>
<msg timestamp="20231019 12:59:55.430" level="INFO">Typing text 'UserNameTeste' into text field 'xpath=//input[@name='userName']'.</msg>
<status status="PASS" starttime="20231019 12:59:55.430" endtime="20231019 12:59:55.595"/>
</kw>
<kw name="Sleep" library="BuiltIn">
<arg>5</arg>
<doc>Pauses the test executed for the given time.</doc>
<msg timestamp="20231019 13:00:00.596" level="INFO">Slept 5 seconds</msg>
<status status="PASS" starttime="20231019 12:59:55.595" endtime="20231019 13:00:00.596"/>
</kw>
<kw name="Input Password" library="SeleniumLibrary">
<arg>${CMP_Password}</arg>
<arg>${Password}</arg>
<doc>Types the given password into the text field identified by ``locator``.</doc>
<msg timestamp="20231019 13:00:00.596" level="INFO">Typing password into text field 'xpath=//input[contains(@name,'password')]'.</msg>
<msg timestamp="20231019 13:00:01.071" level="INFO">Temporally setting log level to: NONE</msg>
<msg timestamp="20231019 13:00:01.744" level="INFO">Log level changed from NONE to INFO.</msg>
<status status="PASS" starttime="20231019 13:00:00.596" endtime="20231019 13:00:01.744"/>
</kw>
<kw name="Input Password" library="SeleniumLibrary">
<arg>${CMP_ConfPassword}</arg>
<arg>${PasswordConfirm}</arg>
<doc>Types the given password into the text field identified by ``locator``.</doc>
<msg timestamp="20231019 13:00:01.744" level="INFO">Typing password into text field 'xpath=//input[contains(@name,'confirmPassword')]'.</msg>
<msg timestamp="20231019 13:00:01.768" level="INFO">Temporally setting log level to: NONE</msg>
<msg timestamp="20231019 13:00:01.793" level="INFO">Log level changed from NONE to INFO.</msg>
<status status="PASS" starttime="20231019 13:00:01.744" endtime="20231019 13:00:01.793"/>
</kw>
<kw name="Click Element" library="SeleniumLibrary">
<arg>${BTN_Enviar}</arg>
<doc>Click the element identified by ``locator``.</doc>
<msg timestamp="20231019 13:00:01.793" level="INFO">Clicking element 'xpath=//input[contains(@name,'submit')]'.</msg>
<status status="PASS" starttime="20231019 13:00:01.793" endtime="20231019 13:00:02.517"/>
</kw>
<status status="PASS" starttime="20231019 12:59:55.429" endtime="20231019 13:00:02.518"/>
</kw>
<kw name="Exibe mensagem de erro" library="RegisterPage">
<kw name="Wait Until Page Contains" library="SeleniumLibrary">
<arg>Mensagem de Erro</arg>
<doc>Waits until ``text`` appears on the current page.</doc>
<msg timestamp="20231019 13:00:12.741" level="INFO" html="true">&lt;/td&gt;&lt;/tr&gt;&lt;tr&gt;&lt;td colspan="3"&gt;&lt;a href="selenium-screenshot-5.png"&gt;&lt;img src="selenium-screenshot-5.png" width="800px"&gt;&lt;/a&gt;</msg>
<msg timestamp="20231019 13:00:12.741" level="FAIL">Text 'Mensagem de Erro' did not appear in 10 seconds.</msg>
<status status="FAIL" starttime="20231019 13:00:02.518" endtime="20231019 13:00:12.741"/>
</kw>
<status status="FAIL" starttime="20231019 13:00:02.518" endtime="20231019 13:00:12.742"/>
</kw>
<kw name="Fechar navegador" library="setup" type="TEARDOWN">
<kw name="Close Browser" library="SeleniumLibrary">
<doc>Closes the current browser.</doc>
<status status="PASS" starttime="20231019 13:00:12.742" endtime="20231019 13:00:14.887"/>
</kw>
<status status="PASS" starttime="20231019 13:00:12.742" endtime="20231019 13:00:14.887"/>
</kw>
<doc>Realiza um registro com os campos de password divergentes</doc>
<tag>CamposPassword</tag>
<tag>TesteRegisterPage</tag>
<tag>Todos</tag>
<status status="FAIL" starttime="20231019 12:59:50.044" endtime="20231019 13:00:14.895">Text 'Mensagem de Erro' did not appear in 10 seconds.</status>
</test>
<status status="FAIL" starttime="20231019 12:59:10.771" endtime="20231019 13:00:14.898"/>
</suite>
<status status="FAIL" starttime="20231019 12:58:47.201" endtime="20231019 13:00:14.900"/>
</suite>
<statistics>
<total>
<stat pass="7" fail="2" skip="0">All Tests</stat>
</total>
<tag>
<stat pass="1" fail="0" skip="0">AcessarGuru99</stat>
<stat pass="1" fail="0" skip="0">CadastroSucess</stat>
<stat pass="0" fail="1" skip="0">CamposObrigatiros</stat>
<stat pass="0" fail="1" skip="0">CamposPassword</stat>
<stat pass="3" fail="0" skip="0">RETORNOAPI</stat>
<stat pass="1" fail="0" skip="0">SenhaIncorreta</stat>
<stat pass="3" fail="0" skip="0">TesteHomePage</stat>
<stat pass="1" fail="2" skip="0">TesteRegisterPage</stat>
<stat pass="4" fail="2" skip="0">Todos</stat>
<stat pass="1" fail="0" skip="0">UserInexistente</stat>
</tag>
<suite>
<stat pass="7" fail="2" skip="0" id="s1" name="Test">Test</stat>
<stat pass="3" fail="0" skip="0" id="s1-s1" name="TestAPI">Test.TestAPI</stat>
<stat pass="3" fail="0" skip="0" id="s1-s2" name="TestHomePage">Test.TestHomePage</stat>
<stat pass="1" fail="2" skip="0" id="s1-s3" name="TestRegisterPage">Test.TestRegisterPage</stat>
</suite>
</statistics>
<errors>
</errors>
</robot>
